{"/home/wesley/projetos/Back-end/sd-026-b-trybe-futebol-clube/app/backend/src/app.ts":{"path":"/home/wesley/projetos/Back-end/sd-026-b-trybe-futebol-clube/app/backend/src/app.ts","statementMap":{"0":{"start":{"line":2,"column":0},"end":{"line":2,"column":62}},"1":{"start":{"line":3,"column":0},"end":{"line":3,"column":35}},"2":{"start":{"line":4,"column":16},"end":{"line":4,"column":34}},"3":{"start":{"line":5,"column":0},"end":{"line":5,"column":32}},"4":{"start":{"line":6,"column":26},"end":{"line":6,"column":66}},"5":{"start":{"line":7,"column":17},"end":{"line":7,"column":36}},"6":{"start":{"line":10,"column":8},"end":{"line":10,"column":29}},"7":{"start":{"line":11,"column":8},"end":{"line":11,"column":29}},"8":{"start":{"line":12,"column":8},"end":{"line":12,"column":22}},"9":{"start":{"line":14,"column":8},"end":{"line":14,"column":64}},"10":{"start":{"line":14,"column":40},"end":{"line":14,"column":62}},"11":{"start":{"line":15,"column":8},"end":{"line":15,"column":34}},"12":{"start":{"line":16,"column":8},"end":{"line":16,"column":60}},"13":{"start":{"line":19,"column":30},"end":{"line":24,"column":9}},"14":{"start":{"line":20,"column":12},"end":{"line":20,"column":59}},"15":{"start":{"line":21,"column":12},"end":{"line":21,"column":92}},"16":{"start":{"line":22,"column":12},"end":{"line":22,"column":60}},"17":{"start":{"line":23,"column":12},"end":{"line":23,"column":19}},"18":{"start":{"line":25,"column":8},"end":{"line":25,"column":37}},"19":{"start":{"line":26,"column":8},"end":{"line":26,"column":36}},"20":{"start":{"line":29,"column":8},"end":{"line":29,"column":76}},"21":{"start":{"line":29,"column":36},"end":{"line":29,"column":74}},"22":{"start":{"line":32,"column":0},"end":{"line":32,"column":18}},"23":{"start":{"line":34,"column":0},"end":{"line":34,"column":28}}},"fnMap":{"0":{"name":"(anonymous_0)","decl":{"start":{"line":9,"column":4},"end":{"line":9,"column":5}},"loc":{"start":{"line":9,"column":43},"end":{"line":17,"column":5}},"line":9},"1":{"name":"(anonymous_1)","decl":{"start":{"line":14,"column":26},"end":{"line":14,"column":27}},"loc":{"start":{"line":14,"column":40},"end":{"line":14,"column":62}},"line":14},"2":{"name":"(anonymous_2)","decl":{"start":{"line":18,"column":4},"end":{"line":18,"column":5}},"loc":{"start":{"line":18,"column":13},"end":{"line":27,"column":5}},"line":18},"3":{"name":"(anonymous_3)","decl":{"start":{"line":19,"column":30},"end":{"line":19,"column":31}},"loc":{"start":{"line":19,"column":51},"end":{"line":24,"column":9}},"line":19},"4":{"name":"(anonymous_4)","decl":{"start":{"line":28,"column":4},"end":{"line":28,"column":5}},"loc":{"start":{"line":28,"column":16},"end":{"line":30,"column":5}},"line":28},"5":{"name":"(anonymous_5)","decl":{"start":{"line":29,"column":30},"end":{"line":29,"column":31}},"loc":{"start":{"line":29,"column":36},"end":{"line":29,"column":74}},"line":29}},"branchMap":{"0":{"loc":{"start":{"line":9,"column":16},"end":{"line":9,"column":41}},"type":"default-arg","locations":[{"start":{"line":9,"column":25},"end":{"line":9,"column":41}}],"line":9}},"s":{"0":1,"1":1,"2":1,"3":1,"4":1,"5":1,"6":1,"7":1,"8":1,"9":1,"10":0,"11":1,"12":1,"13":1,"14":33,"15":33,"16":33,"17":33,"18":1,"19":1,"20":0,"21":0,"22":1,"23":1},"f":{"0":1,"1":0,"2":1,"3":33,"4":0,"5":0},"b":{"0":[1]},"inputSourceMap":{"version":3,"file":"/home/wesley/projetos/Back-end/sd-026-b-trybe-futebol-clube/app/backend/src/app.ts","sources":["/home/wesley/projetos/Back-end/sd-026-b-trybe-futebol-clube/app/backend/src/app.ts"],"names":[],"mappings":";;;AAAA,mCAAmC;AACnC,gCAA8B;AAC9B,mEAA4D;AAC5D,qCAA8B;AAE9B,MAAM,GAAG;IAGP,YAAoB,SAAyB,gBAAM;QAA/B,WAAM,GAAN,MAAM,CAAyB;QACjD,IAAI,CAAC,GAAG,GAAG,OAAO,EAAE,CAAC;QAErB,IAAI,CAAC,MAAM,EAAE,CAAC;QAEd,wBAAwB;QACxB,IAAI,CAAC,GAAG,CAAC,GAAG,CAAC,GAAG,EAAE,CAAC,GAAG,EAAE,GAAG,EAAE,EAAE,CAAC,GAAG,CAAC,IAAI,CAAC,EAAE,EAAE,EAAE,IAAI,EAAE,CAAC,CAAC,CAAC;QACxD,IAAI,CAAC,GAAG,CAAC,GAAG,CAAC,IAAI,CAAC,MAAM,CAAC,CAAC;QAC1B,IAAI,CAAC,GAAG,CAAC,GAAG,CAAC,yBAAe,CAAC,WAAW,CAAC,CAAC;IAC5C,CAAC;IAEO,MAAM;QACZ,MAAM,aAAa,GAA2B,CAAC,IAAI,EAAE,GAAG,EAAE,IAAI,EAAE,EAAE;YAChE,GAAG,CAAC,MAAM,CAAC,6BAA6B,EAAE,GAAG,CAAC,CAAC;YAC/C,GAAG,CAAC,MAAM,CAAC,8BAA8B,EAAE,mCAAmC,CAAC,CAAC;YAChF,GAAG,CAAC,MAAM,CAAC,8BAA8B,EAAE,GAAG,CAAC,CAAC;YAChD,IAAI,EAAE,CAAC;QACT,CAAC,CAAC;QAEF,IAAI,CAAC,GAAG,CAAC,GAAG,CAAC,OAAO,CAAC,IAAI,EAAE,CAAC,CAAC;QAC7B,IAAI,CAAC,GAAG,CAAC,GAAG,CAAC,aAAa,CAAC,CAAC;IAC9B,CAAC;IAEM,KAAK,CAAC,IAAqB;QAChC,IAAI,CAAC,GAAG,CAAC,MAAM,CAAC,IAAI,EAAE,GAAG,EAAE,CAAC,OAAO,CAAC,GAAG,CAAC,mBAAmB,IAAI,EAAE,CAAC,CAAC,CAAC;IACtE,CAAC;CACF;AAEQ,kBAAG;AAEZ,2FAA2F;AAC5E,WAAG,GAAK,IAAI,GAAG,EAAE,KAAC","sourcesContent":["import * as express from 'express';\nimport 'express-async-errors';\nimport ErrorMiddleware from './middlewares/ErrorMiddleware';\nimport router from './router';\n\nclass App {\n  public app: express.Express;\n\n  constructor(private routes: express.Router = router) {\n    this.app = express();\n\n    this.config();\n\n    // Não remover essa rota\n    this.app.get('/', (req, res) => res.json({ ok: true }));\n    this.app.use(this.routes);\n    this.app.use(ErrorMiddleware.handleError);\n  }\n\n  private config():void {\n    const accessControl: express.RequestHandler = (_req, res, next) => {\n      res.header('Access-Control-Allow-Origin', '*');\n      res.header('Access-Control-Allow-Methods', 'GET,POST,DELETE,OPTIONS,PUT,PATCH');\n      res.header('Access-Control-Allow-Headers', '*');\n      next();\n    };\n\n    this.app.use(express.json());\n    this.app.use(accessControl);\n  }\n\n  public start(PORT: string | number):void {\n    this.app.listen(PORT, () => console.log(`Running on port ${PORT}`));\n  }\n}\n\nexport { App };\n\n// Essa segunda exportação é estratégica, e a execução dos testes de cobertura depende dela\nexport const { app } = new App();\n"]},"_coverageSchema":"1a1c01bbd47fc00a2c39e90264f33305004495a9","hash":"1df33040dc72d290652e51e2d1b5259fc7db3419"},"/home/wesley/projetos/Back-end/sd-026-b-trybe-futebol-clube/app/backend/src/middlewares/ErrorMiddleware.ts":{"path":"/home/wesley/projetos/Back-end/sd-026-b-trybe-futebol-clube/app/backend/src/middlewares/ErrorMiddleware.ts","statementMap":{"0":{"start":{"line":2,"column":0},"end":{"line":2,"column":62}},"1":{"start":{"line":3,"column":27},"end":{"line":3,"column":64}},"2":{"start":{"line":4,"column":27},"end":{"line":4,"column":64}},"3":{"start":{"line":5,"column":27},"end":{"line":5,"column":64}},"4":{"start":{"line":6,"column":27},"end":{"line":6,"column":64}},"5":{"start":{"line":9,"column":8},"end":{"line":11,"column":9}},"6":{"start":{"line":10,"column":12},"end":{"line":10,"column":68}},"7":{"start":{"line":12,"column":8},"end":{"line":14,"column":9}},"8":{"start":{"line":13,"column":12},"end":{"line":13,"column":68}},"9":{"start":{"line":15,"column":8},"end":{"line":17,"column":9}},"10":{"start":{"line":16,"column":12},"end":{"line":16,"column":68}},"11":{"start":{"line":18,"column":8},"end":{"line":20,"column":9}},"12":{"start":{"line":19,"column":12},"end":{"line":19,"column":68}},"13":{"start":{"line":21,"column":8},"end":{"line":21,"column":29}},"14":{"start":{"line":22,"column":8},"end":{"line":22,"column":57}},"15":{"start":{"line":25,"column":0},"end":{"line":25,"column":34}}},"fnMap":{"0":{"name":"(anonymous_0)","decl":{"start":{"line":8,"column":4},"end":{"line":8,"column":5}},"loc":{"start":{"line":8,"column":47},"end":{"line":23,"column":5}},"line":8}},"branchMap":{"0":{"loc":{"start":{"line":9,"column":8},"end":{"line":11,"column":9}},"type":"if","locations":[{"start":{"line":9,"column":8},"end":{"line":11,"column":9}},{"start":{"line":9,"column":8},"end":{"line":11,"column":9}}],"line":9},"1":{"loc":{"start":{"line":12,"column":8},"end":{"line":14,"column":9}},"type":"if","locations":[{"start":{"line":12,"column":8},"end":{"line":14,"column":9}},{"start":{"line":12,"column":8},"end":{"line":14,"column":9}}],"line":12},"2":{"loc":{"start":{"line":15,"column":8},"end":{"line":17,"column":9}},"type":"if","locations":[{"start":{"line":15,"column":8},"end":{"line":17,"column":9}},{"start":{"line":15,"column":8},"end":{"line":17,"column":9}}],"line":15},"3":{"loc":{"start":{"line":18,"column":8},"end":{"line":20,"column":9}},"type":"if","locations":[{"start":{"line":18,"column":8},"end":{"line":20,"column":9}},{"start":{"line":18,"column":8},"end":{"line":20,"column":9}}],"line":18}},"s":{"0":1,"1":1,"2":1,"3":1,"4":1,"5":18,"6":3,"7":15,"8":13,"9":2,"10":1,"11":1,"12":1,"13":0,"14":0,"15":1},"f":{"0":18},"b":{"0":[3,15],"1":[13,2],"2":[1,1],"3":[1,0]},"inputSourceMap":{"version":3,"file":"/home/wesley/projetos/Back-end/sd-026-b-trybe-futebol-clube/app/backend/src/middlewares/ErrorMiddleware.ts","sources":["/home/wesley/projetos/Back-end/sd-026-b-trybe-futebol-clube/app/backend/src/middlewares/ErrorMiddleware.ts"],"names":[],"mappings":";;AACA,iEAA0D;AAC1D,iEAA0D;AAC1D,iEAA0D;AAC1D,iEAA0D;AAE1D,MAAqB,eAAe;IAClC,MAAM,CAAC,WAAW,CAAC,KAAY,EAAE,GAAY,EAAE,GAAa,EAAE,KAAmB;QAC/E,IAAI,KAAK,YAAY,0BAAgB,EAAE;YACrC,OAAO,GAAG,CAAC,MAAM,CAAC,GAAG,CAAC,CAAC,IAAI,CAAC,EAAE,OAAO,EAAE,KAAK,CAAC,OAAO,EAAE,CAAC,CAAC;SACzD;QAED,IAAI,KAAK,YAAY,0BAAgB,EAAE;YACrC,OAAO,GAAG,CAAC,MAAM,CAAC,GAAG,CAAC,CAAC,IAAI,CAAC,EAAE,OAAO,EAAE,KAAK,CAAC,OAAO,EAAE,CAAC,CAAC;SACzD;QAED,IAAI,KAAK,YAAY,0BAAgB,EAAE;YACrC,OAAO,GAAG,CAAC,MAAM,CAAC,GAAG,CAAC,CAAC,IAAI,CAAC,EAAE,OAAO,EAAE,KAAK,CAAC,OAAO,EAAE,CAAC,CAAC;SACzD;QAED,IAAI,KAAK,YAAY,0BAAgB,EAAE;YACrC,OAAO,GAAG,CAAC,MAAM,CAAC,GAAG,CAAC,CAAC,IAAI,CAAC,EAAE,OAAO,EAAE,KAAK,CAAC,OAAO,EAAE,CAAC,CAAC;SACzD;QAED,OAAO,CAAC,KAAK,CAAC,KAAK,CAAC,CAAC;QACrB,GAAG,CAAC,MAAM,CAAC,GAAG,CAAC,CAAC,IAAI,CAAC,EAAE,OAAO,EAAE,KAAK,CAAC,OAAO,EAAE,CAAC,CAAC;IACnD,CAAC;CACF;AArBD,kCAqBC","sourcesContent":["import { NextFunction, Request, Response } from 'express';\nimport ValidateError400 from '../errors/ValidateError400';\nimport ValidateError401 from '../errors/ValidateError401';\nimport ValidateError404 from '../errors/ValidateError404';\nimport ValidateError422 from '../errors/ValidateError422';\n\nexport default class ErrorMiddleware {\n  static handleError(error: Error, req: Request, res: Response, _next: NextFunction) {\n    if (error instanceof ValidateError400) {\n      return res.status(400).json({ message: error.message });\n    }\n\n    if (error instanceof ValidateError401) {\n      return res.status(401).json({ message: error.message });\n    }\n\n    if (error instanceof ValidateError404) {\n      return res.status(404).json({ message: error.message });\n    }\n\n    if (error instanceof ValidateError422) {\n      return res.status(422).json({ message: error.message });\n    }\n\n    console.error(error);\n    res.status(500).json({ message: error.message });\n  }\n}\n"]},"_coverageSchema":"1a1c01bbd47fc00a2c39e90264f33305004495a9","hash":"ed4fcd56a0e24515abd8b6ced27c3530bb722a2a"},"/home/wesley/projetos/Back-end/sd-026-b-trybe-futebol-clube/app/backend/src/errors/ValidateError400.ts":{"path":"/home/wesley/projetos/Back-end/sd-026-b-trybe-futebol-clube/app/backend/src/errors/ValidateError400.ts","statementMap":{"0":{"start":{"line":2,"column":0},"end":{"line":2,"column":62}},"1":{"start":{"line":5,"column":8},"end":{"line":5,"column":28}},"2":{"start":{"line":6,"column":8},"end":{"line":6,"column":39}},"3":{"start":{"line":9,"column":0},"end":{"line":9,"column":35}}},"fnMap":{"0":{"name":"(anonymous_0)","decl":{"start":{"line":4,"column":4},"end":{"line":4,"column":5}},"loc":{"start":{"line":4,"column":18},"end":{"line":7,"column":5}},"line":4}},"branchMap":{},"s":{"0":1,"1":3,"2":3,"3":1},"f":{"0":3},"b":{},"inputSourceMap":{"version":3,"file":"/home/wesley/projetos/Back-end/sd-026-b-trybe-futebol-clube/app/backend/src/errors/ValidateError400.ts","sources":["/home/wesley/projetos/Back-end/sd-026-b-trybe-futebol-clube/app/backend/src/errors/ValidateError400.ts"],"names":[],"mappings":";;AAAA,MAAqB,gBAAiB,SAAQ,KAAK;IAAnD;;QACE,SAAI,GAAG,kBAAkB,CAAC;IAC5B,CAAC;CAAA;AAFD,mCAEC","sourcesContent":["export default class ValidateError400 extends Error {\n  name = 'ValidateError400';\n}\n"]},"_coverageSchema":"1a1c01bbd47fc00a2c39e90264f33305004495a9","hash":"5ed0456c94f54122d159840616d7850c6599e2b1"},"/home/wesley/projetos/Back-end/sd-026-b-trybe-futebol-clube/app/backend/src/errors/ValidateError401.ts":{"path":"/home/wesley/projetos/Back-end/sd-026-b-trybe-futebol-clube/app/backend/src/errors/ValidateError401.ts","statementMap":{"0":{"start":{"line":2,"column":0},"end":{"line":2,"column":62}},"1":{"start":{"line":5,"column":8},"end":{"line":5,"column":28}},"2":{"start":{"line":6,"column":8},"end":{"line":6,"column":39}},"3":{"start":{"line":9,"column":0},"end":{"line":9,"column":35}}},"fnMap":{"0":{"name":"(anonymous_0)","decl":{"start":{"line":4,"column":4},"end":{"line":4,"column":5}},"loc":{"start":{"line":4,"column":18},"end":{"line":7,"column":5}},"line":4}},"branchMap":{},"s":{"0":1,"1":13,"2":13,"3":1},"f":{"0":13},"b":{},"inputSourceMap":{"version":3,"file":"/home/wesley/projetos/Back-end/sd-026-b-trybe-futebol-clube/app/backend/src/errors/ValidateError401.ts","sources":["/home/wesley/projetos/Back-end/sd-026-b-trybe-futebol-clube/app/backend/src/errors/ValidateError401.ts"],"names":[],"mappings":";;AAAA,MAAqB,gBAAiB,SAAQ,KAAK;IAAnD;;QACE,SAAI,GAAG,kBAAkB,CAAC;IAC5B,CAAC;CAAA;AAFD,mCAEC","sourcesContent":["export default class ValidateError401 extends Error {\n  name = 'ValidateError401';\n}\n"]},"_coverageSchema":"1a1c01bbd47fc00a2c39e90264f33305004495a9","hash":"a2277a8005143261ffbb804fc877635310fe63c7"},"/home/wesley/projetos/Back-end/sd-026-b-trybe-futebol-clube/app/backend/src/errors/ValidateError404.ts":{"path":"/home/wesley/projetos/Back-end/sd-026-b-trybe-futebol-clube/app/backend/src/errors/ValidateError404.ts","statementMap":{"0":{"start":{"line":2,"column":0},"end":{"line":2,"column":62}},"1":{"start":{"line":5,"column":8},"end":{"line":5,"column":28}},"2":{"start":{"line":6,"column":8},"end":{"line":6,"column":39}},"3":{"start":{"line":9,"column":0},"end":{"line":9,"column":35}}},"fnMap":{"0":{"name":"(anonymous_0)","decl":{"start":{"line":4,"column":4},"end":{"line":4,"column":5}},"loc":{"start":{"line":4,"column":18},"end":{"line":7,"column":5}},"line":4}},"branchMap":{},"s":{"0":1,"1":1,"2":1,"3":1},"f":{"0":1},"b":{},"inputSourceMap":{"version":3,"file":"/home/wesley/projetos/Back-end/sd-026-b-trybe-futebol-clube/app/backend/src/errors/ValidateError404.ts","sources":["/home/wesley/projetos/Back-end/sd-026-b-trybe-futebol-clube/app/backend/src/errors/ValidateError404.ts"],"names":[],"mappings":";;AAAA,MAAqB,gBAAiB,SAAQ,KAAK;IAAnD;;QACE,SAAI,GAAG,kBAAkB,CAAC;IAC5B,CAAC;CAAA;AAFD,mCAEC","sourcesContent":["export default class ValidateError404 extends Error {\n  name = 'ValidateError404';\n}\n"]},"_coverageSchema":"1a1c01bbd47fc00a2c39e90264f33305004495a9","hash":"c38fc03ae0c9ec8daba5fa7490890dd1f82a3fb3"},"/home/wesley/projetos/Back-end/sd-026-b-trybe-futebol-clube/app/backend/src/errors/ValidateError422.ts":{"path":"/home/wesley/projetos/Back-end/sd-026-b-trybe-futebol-clube/app/backend/src/errors/ValidateError422.ts","statementMap":{"0":{"start":{"line":2,"column":0},"end":{"line":2,"column":62}},"1":{"start":{"line":5,"column":8},"end":{"line":5,"column":28}},"2":{"start":{"line":6,"column":8},"end":{"line":6,"column":39}},"3":{"start":{"line":9,"column":0},"end":{"line":9,"column":35}}},"fnMap":{"0":{"name":"(anonymous_0)","decl":{"start":{"line":4,"column":4},"end":{"line":4,"column":5}},"loc":{"start":{"line":4,"column":18},"end":{"line":7,"column":5}},"line":4}},"branchMap":{},"s":{"0":1,"1":1,"2":1,"3":1},"f":{"0":1},"b":{},"inputSourceMap":{"version":3,"file":"/home/wesley/projetos/Back-end/sd-026-b-trybe-futebol-clube/app/backend/src/errors/ValidateError422.ts","sources":["/home/wesley/projetos/Back-end/sd-026-b-trybe-futebol-clube/app/backend/src/errors/ValidateError422.ts"],"names":[],"mappings":";;AAAA,MAAqB,gBAAiB,SAAQ,KAAK;IAAnD;;QACE,SAAI,GAAG,kBAAkB,CAAC;IAC5B,CAAC;CAAA;AAFD,mCAEC","sourcesContent":["export default class ValidateError422 extends Error {\n  name = 'ValidateError422';\n}\n"]},"_coverageSchema":"1a1c01bbd47fc00a2c39e90264f33305004495a9","hash":"16707d5c54be2475bb5ef16c07dd90fec3ae34b1"},"/home/wesley/projetos/Back-end/sd-026-b-trybe-futebol-clube/app/backend/src/router/index.ts":{"path":"/home/wesley/projetos/Back-end/sd-026-b-trybe-futebol-clube/app/backend/src/router/index.ts","statementMap":{"0":{"start":{"line":2,"column":0},"end":{"line":2,"column":62}},"1":{"start":{"line":3,"column":18},"end":{"line":3,"column":36}},"2":{"start":{"line":4,"column":23},"end":{"line":4,"column":48}},"3":{"start":{"line":5,"column":23},"end":{"line":5,"column":48}},"4":{"start":{"line":6,"column":25},"end":{"line":6,"column":52}},"5":{"start":{"line":7,"column":29},"end":{"line":7,"column":60}},"6":{"start":{"line":8,"column":15},"end":{"line":8,"column":38}},"7":{"start":{"line":9,"column":0},"end":{"line":9,"column":45}},"8":{"start":{"line":10,"column":0},"end":{"line":10,"column":45}},"9":{"start":{"line":11,"column":0},"end":{"line":11,"column":49}},"10":{"start":{"line":12,"column":0},"end":{"line":12,"column":57}},"11":{"start":{"line":13,"column":0},"end":{"line":13,"column":25}}},"fnMap":{},"branchMap":{},"s":{"0":1,"1":1,"2":1,"3":1,"4":1,"5":1,"6":1,"7":1,"8":1,"9":1,"10":1,"11":1},"f":{},"b":{},"inputSourceMap":{"version":3,"file":"/home/wesley/projetos/Back-end/sd-026-b-trybe-futebol-clube/app/backend/src/router/index.ts","sources":["/home/wesley/projetos/Back-end/sd-026-b-trybe-futebol-clube/app/backend/src/router/index.ts"],"names":[],"mappings":";;AAAA,qCAAiC;AACjC,iDAAyC;AACzC,iDAAyC;AACzC,qDAA6C;AAC7C,6DAAqD;AAErD,MAAM,MAAM,GAAG,IAAA,gBAAM,GAAE,CAAC;AAExB,MAAM,CAAC,GAAG,CAAC,QAAQ,EAAE,sBAAW,CAAC,CAAC;AAClC,MAAM,CAAC,GAAG,CAAC,QAAQ,EAAE,sBAAW,CAAC,CAAC;AAClC,MAAM,CAAC,GAAG,CAAC,UAAU,EAAE,wBAAa,CAAC,CAAC;AACtC,MAAM,CAAC,GAAG,CAAC,cAAc,EAAE,4BAAiB,CAAC,CAAC;AAE9C,kBAAe,MAAM,CAAC","sourcesContent":["import { Router } from 'express';\nimport teamsRouter from './teams.router';\nimport loginRouter from './login.router';\nimport matchesRouter from './matches.router';\nimport leaderBoardRouter from './leaderBoard.router';\n\nconst router = Router();\n\nrouter.use('/teams', teamsRouter);\nrouter.use('/login', loginRouter);\nrouter.use('/matches', matchesRouter);\nrouter.use('/leaderboard', leaderBoardRouter);\n\nexport default router;\n"]},"_coverageSchema":"1a1c01bbd47fc00a2c39e90264f33305004495a9","hash":"c6cf04a862994fedc8d62a76587dc38d63221fd1"},"/home/wesley/projetos/Back-end/sd-026-b-trybe-futebol-clube/app/backend/src/router/teams.router.ts":{"path":"/home/wesley/projetos/Back-end/sd-026-b-trybe-futebol-clube/app/backend/src/router/teams.router.ts","statementMap":{"0":{"start":{"line":2,"column":0},"end":{"line":2,"column":62}},"1":{"start":{"line":3,"column":18},"end":{"line":3,"column":36}},"2":{"start":{"line":4,"column":26},"end":{"line":4,"column":66}},"3":{"start":{"line":5,"column":20},"end":{"line":5,"column":43}},"4":{"start":{"line":6,"column":0},"end":{"line":6,"column":79}},"5":{"start":{"line":6,"column":35},"end":{"line":6,"column":77}},"6":{"start":{"line":7,"column":0},"end":{"line":7,"column":83}},"7":{"start":{"line":7,"column":38},"end":{"line":7,"column":81}},"8":{"start":{"line":8,"column":0},"end":{"line":8,"column":30}}},"fnMap":{"0":{"name":"(anonymous_0)","decl":{"start":{"line":6,"column":21},"end":{"line":6,"column":22}},"loc":{"start":{"line":6,"column":35},"end":{"line":6,"column":77}},"line":6},"1":{"name":"(anonymous_1)","decl":{"start":{"line":7,"column":24},"end":{"line":7,"column":25}},"loc":{"start":{"line":7,"column":38},"end":{"line":7,"column":81}},"line":7}},"branchMap":{},"s":{"0":1,"1":1,"2":1,"3":1,"4":1,"5":1,"6":1,"7":2,"8":1},"f":{"0":1,"1":2},"b":{},"inputSourceMap":{"version":3,"file":"/home/wesley/projetos/Back-end/sd-026-b-trybe-futebol-clube/app/backend/src/router/teams.router.ts","sources":["/home/wesley/projetos/Back-end/sd-026-b-trybe-futebol-clube/app/backend/src/router/teams.router.ts"],"names":[],"mappings":";;AAAA,qCAAiC;AACjC,mEAA4D;AAE5D,MAAM,WAAW,GAAG,IAAA,gBAAM,GAAE,CAAC;AAE7B,WAAW,CAAC,GAAG,CAAC,GAAG,EAAE,CAAC,GAAG,EAAE,GAAG,EAAE,EAAE,CAAC,yBAAe,CAAC,MAAM,CAAC,GAAG,EAAE,GAAG,CAAC,CAAC,CAAC;AACrE,WAAW,CAAC,GAAG,CAAC,MAAM,EAAE,CAAC,GAAG,EAAE,GAAG,EAAE,EAAE,CAAC,yBAAe,CAAC,OAAO,CAAC,GAAG,EAAE,GAAG,CAAC,CAAC,CAAC;AAEzE,kBAAe,WAAW,CAAC","sourcesContent":["import { Router } from 'express';\nimport TeamsController from '../controller/TeamsController';\n\nconst teamsRouter = Router();\n\nteamsRouter.get('/', (req, res) => TeamsController.getAll(req, res));\nteamsRouter.get('/:id', (req, res) => TeamsController.getById(req, res));\n\nexport default teamsRouter;\n"]},"_coverageSchema":"1a1c01bbd47fc00a2c39e90264f33305004495a9","hash":"bb6c6197cdecb766e46aaf1e72c0a2b0df6f08d9"},"/home/wesley/projetos/Back-end/sd-026-b-trybe-futebol-clube/app/backend/src/controller/TeamsController.ts":{"path":"/home/wesley/projetos/Back-end/sd-026-b-trybe-futebol-clube/app/backend/src/controller/TeamsController.ts","statementMap":{"0":{"start":{"line":2,"column":0},"end":{"line":2,"column":62}},"1":{"start":{"line":3,"column":27},"end":{"line":3,"column":64}},"2":{"start":{"line":4,"column":23},"end":{"line":4,"column":57}},"3":{"start":{"line":7,"column":25},"end":{"line":7,"column":62}},"4":{"start":{"line":8,"column":8},"end":{"line":8,"column":39}},"5":{"start":{"line":11,"column":23},"end":{"line":11,"column":33}},"6":{"start":{"line":12,"column":21},"end":{"line":12,"column":69}},"7":{"start":{"line":13,"column":8},"end":{"line":14,"column":72}},"8":{"start":{"line":14,"column":12},"end":{"line":14,"column":72}},"9":{"start":{"line":15,"column":8},"end":{"line":15,"column":35}},"10":{"start":{"line":18,"column":0},"end":{"line":18,"column":34}}},"fnMap":{"0":{"name":"(anonymous_0)","decl":{"start":{"line":6,"column":4},"end":{"line":6,"column":5}},"loc":{"start":{"line":6,"column":34},"end":{"line":9,"column":5}},"line":6},"1":{"name":"(anonymous_1)","decl":{"start":{"line":10,"column":4},"end":{"line":10,"column":5}},"loc":{"start":{"line":10,"column":35},"end":{"line":16,"column":5}},"line":10}},"branchMap":{"0":{"loc":{"start":{"line":13,"column":8},"end":{"line":14,"column":72}},"type":"if","locations":[{"start":{"line":13,"column":8},"end":{"line":14,"column":72}},{"start":{"line":13,"column":8},"end":{"line":14,"column":72}}],"line":13}},"s":{"0":1,"1":1,"2":1,"3":1,"4":1,"5":2,"6":2,"7":2,"8":1,"9":1,"10":1},"f":{"0":1,"1":2},"b":{"0":[1,1]},"inputSourceMap":{"version":3,"file":"/home/wesley/projetos/Back-end/sd-026-b-trybe-futebol-clube/app/backend/src/controller/TeamsController.ts","sources":["/home/wesley/projetos/Back-end/sd-026-b-trybe-futebol-clube/app/backend/src/controller/TeamsController.ts"],"names":[],"mappings":";;AACA,iEAA0D;AAC1D,0DAAmD;AAEnD,MAAqB,eAAe;IAC3B,MAAM,CAAC,KAAK,CAAC,MAAM,CAAC,GAAY,EAAE,GAAa;QACpD,MAAM,QAAQ,GAAG,MAAM,sBAAY,CAAC,MAAM,EAAE,CAAC;QAC7C,GAAG,CAAC,MAAM,CAAC,GAAG,CAAC,CAAC,IAAI,CAAC,QAAQ,CAAC,CAAC;IACjC,CAAC;IAEM,MAAM,CAAC,KAAK,CAAC,OAAO,CAAC,GAAY,EAAE,GAAa;QACrD,MAAM,EAAE,EAAE,EAAE,GAAG,GAAG,CAAC,MAAM,CAAC;QAC1B,MAAM,IAAI,GAAG,MAAM,sBAAY,CAAC,OAAO,CAAC,MAAM,CAAC,EAAE,CAAC,CAAC,CAAC;QACpD,IAAI,OAAO,IAAI,KAAK,QAAQ;YAAE,MAAM,IAAI,0BAAgB,CAAC,qBAAqB,CAAC,CAAC;QAChF,GAAG,CAAC,MAAM,CAAC,GAAG,CAAC,CAAC,IAAI,CAAC,IAAI,CAAC,CAAC;IAC7B,CAAC;CACF;AAZD,kCAYC","sourcesContent":["import { Request, Response } from 'express';\nimport ValidateError400 from '../errors/ValidateError400';\nimport TeamsService from '../service/TeamsService';\n\nexport default class TeamsController {\n  public static async getAll(req: Request, res: Response) {\n    const allTeams = await TeamsService.getAll();\n    res.status(200).json(allTeams);\n  }\n\n  public static async getById(req: Request, res: Response) {\n    const { id } = req.params;\n    const team = await TeamsService.getById(Number(id));\n    if (typeof team === 'string') throw new ValidateError400('Team não encontrado');\n    res.status(200).json(team);\n  }\n}\n"]},"_coverageSchema":"1a1c01bbd47fc00a2c39e90264f33305004495a9","hash":"42d28f4da5a2dc8700c3d4b396f892628712f55e"},"/home/wesley/projetos/Back-end/sd-026-b-trybe-futebol-clube/app/backend/src/service/TeamsService.ts":{"path":"/home/wesley/projetos/Back-end/sd-026-b-trybe-futebol-clube/app/backend/src/service/TeamsService.ts","statementMap":{"0":{"start":{"line":2,"column":0},"end":{"line":2,"column":62}},"1":{"start":{"line":3,"column":21},"end":{"line":3,"column":61}},"2":{"start":{"line":6,"column":22},"end":{"line":6,"column":58}},"3":{"start":{"line":7,"column":8},"end":{"line":7,"column":21}},"4":{"start":{"line":10,"column":25},"end":{"line":10,"column":78}},"5":{"start":{"line":11,"column":8},"end":{"line":12,"column":41}},"6":{"start":{"line":12,"column":12},"end":{"line":12,"column":41}},"7":{"start":{"line":13,"column":8},"end":{"line":13,"column":24}},"8":{"start":{"line":16,"column":0},"end":{"line":16,"column":31}}},"fnMap":{"0":{"name":"(anonymous_0)","decl":{"start":{"line":5,"column":4},"end":{"line":5,"column":5}},"loc":{"start":{"line":5,"column":26},"end":{"line":8,"column":5}},"line":5},"1":{"name":"(anonymous_1)","decl":{"start":{"line":9,"column":4},"end":{"line":9,"column":5}},"loc":{"start":{"line":9,"column":29},"end":{"line":14,"column":5}},"line":9}},"branchMap":{"0":{"loc":{"start":{"line":11,"column":8},"end":{"line":12,"column":41}},"type":"if","locations":[{"start":{"line":11,"column":8},"end":{"line":12,"column":41}},{"start":{"line":11,"column":8},"end":{"line":12,"column":41}}],"line":11}},"s":{"0":1,"1":1,"2":1,"3":1,"4":4,"5":4,"6":1,"7":3,"8":1},"f":{"0":1,"1":4},"b":{"0":[1,3]},"inputSourceMap":{"version":3,"file":"/home/wesley/projetos/Back-end/sd-026-b-trybe-futebol-clube/app/backend/src/service/TeamsService.ts","sources":["/home/wesley/projetos/Back-end/sd-026-b-trybe-futebol-clube/app/backend/src/service/TeamsService.ts"],"names":[],"mappings":";;AAAA,8DAA0E;AAE1E,MAAqB,YAAY;IACxB,MAAM,CAAC,KAAK,CAAC,MAAM;QACxB,MAAM,KAAK,GAAG,MAAM,oBAAU,CAAC,OAAO,EAAE,CAAC;QACzC,OAAO,KAAK,CAAC;IACf,CAAC;IAEM,MAAM,CAAC,KAAK,CAAC,OAAO,CAAC,EAAU;QACpC,MAAM,QAAQ,GAAG,MAAM,oBAAU,CAAC,OAAO,CAAC,EAAE,KAAK,EAAE,EAAE,EAAE,EAAE,EAAE,CAAC,CAAC;QAC7D,IAAI,CAAC,QAAQ;YAAE,OAAO,qBAAqB,CAAC;QAC5C,OAAO,QAAQ,CAAC;IAClB,CAAC;CACF;AAXD,+BAWC","sourcesContent":["import TeamsModel, { teamAtributes } from '../database/models/TeamsModel';\n\nexport default class TeamsService {\n  public static async getAll(): Promise<teamAtributes[]> {\n    const teams = await TeamsModel.findAll();\n    return teams;\n  }\n\n  public static async getById(id: number): Promise<teamAtributes | null | string> {\n    const findTeam = await TeamsModel.findOne({ where: { id } });\n    if (!findTeam) return 'Team não encontrado';\n    return findTeam;\n  }\n}\n"]},"_coverageSchema":"1a1c01bbd47fc00a2c39e90264f33305004495a9","hash":"1cf3713f68cf0ab0c77a58554cde7f3c900f13d2"},"/home/wesley/projetos/Back-end/sd-026-b-trybe-futebol-clube/app/backend/src/router/login.router.ts":{"path":"/home/wesley/projetos/Back-end/sd-026-b-trybe-futebol-clube/app/backend/src/router/login.router.ts","statementMap":{"0":{"start":{"line":2,"column":0},"end":{"line":2,"column":62}},"1":{"start":{"line":3,"column":18},"end":{"line":3,"column":36}},"2":{"start":{"line":4,"column":24},"end":{"line":4,"column":63}},"3":{"start":{"line":5,"column":26},"end":{"line":5,"column":66}},"4":{"start":{"line":6,"column":23},"end":{"line":6,"column":61}},"5":{"start":{"line":7,"column":20},"end":{"line":7,"column":43}},"6":{"start":{"line":8,"column":0},"end":{"line":8,"column":146}},"7":{"start":{"line":8,"column":42},"end":{"line":8,"column":87}},"8":{"start":{"line":8,"column":103},"end":{"line":8,"column":144}},"9":{"start":{"line":9,"column":0},"end":{"line":9,"column":154}},"10":{"start":{"line":9,"column":45},"end":{"line":9,"column":96}},"11":{"start":{"line":9,"column":112},"end":{"line":9,"column":152}},"12":{"start":{"line":10,"column":0},"end":{"line":10,"column":30}}},"fnMap":{"0":{"name":"(anonymous_0)","decl":{"start":{"line":8,"column":22},"end":{"line":8,"column":23}},"loc":{"start":{"line":8,"column":42},"end":{"line":8,"column":87}},"line":8},"1":{"name":"(anonymous_1)","decl":{"start":{"line":8,"column":89},"end":{"line":8,"column":90}},"loc":{"start":{"line":8,"column":103},"end":{"line":8,"column":144}},"line":8},"2":{"name":"(anonymous_2)","decl":{"start":{"line":9,"column":25},"end":{"line":9,"column":26}},"loc":{"start":{"line":9,"column":45},"end":{"line":9,"column":96}},"line":9},"3":{"name":"(anonymous_3)","decl":{"start":{"line":9,"column":98},"end":{"line":9,"column":99}},"loc":{"start":{"line":9,"column":112},"end":{"line":9,"column":152}},"line":9}},"branchMap":{},"s":{"0":1,"1":1,"2":1,"3":1,"4":1,"5":1,"6":1,"7":7,"8":3,"9":1,"10":4,"11":2,"12":1},"f":{"0":7,"1":3,"2":4,"3":2},"b":{},"inputSourceMap":{"version":3,"file":"/home/wesley/projetos/Back-end/sd-026-b-trybe-futebol-clube/app/backend/src/router/login.router.ts","sources":["/home/wesley/projetos/Back-end/sd-026-b-trybe-futebol-clube/app/backend/src/router/login.router.ts"],"names":[],"mappings":";;AAAA,qCAAiC;AACjC,gEAAyD;AACzD,mEAA4D;AAC5D,8DAAuD;AAEvD,MAAM,WAAW,GAAG,IAAA,gBAAM,GAAE,CAAC;AAE7B,WAAW,CAAC,IAAI,CACd,GAAG,EACH,CAAC,GAAG,EAAE,GAAG,EAAE,IAAI,EAAE,EAAE,CAAC,uBAAa,CAAC,KAAK,CAAC,GAAG,EAAE,GAAG,EAAE,IAAI,CAAC,EACvD,CAAC,GAAG,EAAE,GAAG,EAAE,EAAE,CAAC,yBAAe,CAAC,KAAK,CAAC,GAAG,EAAE,GAAG,CAAC,CAC9C,CAAC;AAEF,WAAW,CAAC,GAAG,CACb,OAAO,EACP,CAAC,GAAG,EAAE,GAAG,EAAE,IAAI,EAAE,EAAE,CAAC,sBAAY,CAAC,YAAY,CAAC,GAAG,EAAE,GAAG,EAAE,IAAI,CAAC,EAC7D,CAAC,GAAG,EAAE,GAAG,EAAE,EAAE,CAAC,yBAAe,CAAC,IAAI,CAAC,GAAG,EAAE,GAAG,CAAC,CAC7C,CAAC;AAEF,kBAAe,WAAW,CAAC","sourcesContent":["import { Router } from 'express';\nimport ValidateLogin from '../middlewares/ValidateLogin';\nimport LoginController from '../controller/LoginController';\nimport AuthValidate from '../middlewares/AuthValidate';\n\nconst loginRouter = Router();\n\nloginRouter.post(\n  '/',\n  (req, res, next) => ValidateLogin.valid(req, res, next),\n  (req, res) => LoginController.login(req, res),\n);\n\nloginRouter.get(\n  '/role',\n  (req, res, next) => AuthValidate.tokenVerifiq(req, res, next),\n  (req, res) => LoginController.role(req, res),\n);\n\nexport default loginRouter;\n"]},"_coverageSchema":"1a1c01bbd47fc00a2c39e90264f33305004495a9","hash":"9fe35069802d6b93182be7f6e66870b9c40cb686"},"/home/wesley/projetos/Back-end/sd-026-b-trybe-futebol-clube/app/backend/src/middlewares/ValidateLogin.ts":{"path":"/home/wesley/projetos/Back-end/sd-026-b-trybe-futebol-clube/app/backend/src/middlewares/ValidateLogin.ts","statementMap":{"0":{"start":{"line":2,"column":0},"end":{"line":2,"column":62}},"1":{"start":{"line":3,"column":27},"end":{"line":3,"column":64}},"2":{"start":{"line":4,"column":27},"end":{"line":4,"column":64}},"3":{"start":{"line":7,"column":22},"end":{"line":7,"column":50}},"4":{"start":{"line":8,"column":8},"end":{"line":8,"column":33}},"5":{"start":{"line":11,"column":36},"end":{"line":11,"column":44}},"6":{"start":{"line":12,"column":8},"end":{"line":13,"column":78}},"7":{"start":{"line":13,"column":12},"end":{"line":13,"column":78}},"8":{"start":{"line":14,"column":8},"end":{"line":16,"column":9}},"9":{"start":{"line":15,"column":12},"end":{"line":15,"column":78}},"10":{"start":{"line":17,"column":8},"end":{"line":17,"column":15}},"11":{"start":{"line":20,"column":0},"end":{"line":20,"column":32}}},"fnMap":{"0":{"name":"(anonymous_0)","decl":{"start":{"line":6,"column":4},"end":{"line":6,"column":5}},"loc":{"start":{"line":6,"column":31},"end":{"line":9,"column":5}},"line":6},"1":{"name":"(anonymous_1)","decl":{"start":{"line":10,"column":4},"end":{"line":10,"column":5}},"loc":{"start":{"line":10,"column":34},"end":{"line":18,"column":5}},"line":10}},"branchMap":{"0":{"loc":{"start":{"line":12,"column":8},"end":{"line":13,"column":78}},"type":"if","locations":[{"start":{"line":12,"column":8},"end":{"line":13,"column":78}},{"start":{"line":12,"column":8},"end":{"line":13,"column":78}}],"line":12},"1":{"loc":{"start":{"line":12,"column":12},"end":{"line":12,"column":31}},"type":"binary-expr","locations":[{"start":{"line":12,"column":12},"end":{"line":12,"column":18}},{"start":{"line":12,"column":22},"end":{"line":12,"column":31}}],"line":12},"2":{"loc":{"start":{"line":14,"column":8},"end":{"line":16,"column":9}},"type":"if","locations":[{"start":{"line":14,"column":8},"end":{"line":16,"column":9}},{"start":{"line":14,"column":8},"end":{"line":16,"column":9}}],"line":14},"3":{"loc":{"start":{"line":14,"column":12},"end":{"line":14,"column":69}},"type":"binary-expr","locations":[{"start":{"line":14,"column":12},"end":{"line":14,"column":46}},{"start":{"line":14,"column":50},"end":{"line":14,"column":69}}],"line":14}},"s":{"0":1,"1":1,"2":1,"3":5,"4":5,"5":7,"6":7,"7":2,"8":5,"9":2,"10":3,"11":1},"f":{"0":5,"1":7},"b":{"0":[2,5],"1":[7,6],"2":[2,3],"3":[5,4]},"inputSourceMap":{"version":3,"file":"/home/wesley/projetos/Back-end/sd-026-b-trybe-futebol-clube/app/backend/src/middlewares/ValidateLogin.ts","sources":["/home/wesley/projetos/Back-end/sd-026-b-trybe-futebol-clube/app/backend/src/middlewares/ValidateLogin.ts"],"names":[],"mappings":";;AACA,iEAA0D;AAC1D,iEAA0D;AAE1D,MAAqB,aAAa;IACzB,MAAM,CAAC,YAAY,CAAC,KAAa;QACtC,MAAM,KAAK,GAAG,4BAA4B,CAAC;QAC3C,OAAO,KAAK,CAAC,IAAI,CAAC,KAAK,CAAC,CAAC;IAC3B,CAAC;IAEM,MAAM,CAAC,KAAK,CAAC,GAAY,EAAE,IAAc,EAAE,IAAkB;QAClE,MAAM,EAAE,KAAK,EAAE,QAAQ,EAAE,GAAG,GAAG,CAAC,IAAI,CAAC;QACrC,IAAI,CAAC,KAAK,IAAI,CAAC,QAAQ;YAAE,MAAM,IAAI,0BAAgB,CAAC,2BAA2B,CAAC,CAAC;QACjF,IAAI,CAAC,aAAa,CAAC,YAAY,CAAC,KAAK,CAAC,IAAI,QAAQ,CAAC,MAAM,GAAG,CAAC,EAAE;YAC7D,MAAM,IAAI,0BAAgB,CAAC,2BAA2B,CAAC,CAAC;SACzD;QAED,IAAI,EAAE,CAAC;IACT,CAAC;CACF;AAfD,gCAeC","sourcesContent":["import { NextFunction, Request, Response } from 'express';\nimport ValidateError401 from '../errors/ValidateError401';\nimport ValidateError400 from '../errors/ValidateError400';\n\nexport default class ValidateLogin {\n  public static isValidEmail(email: string) {\n    const regex = /^[^\\s@]+@[^\\s@]+\\.[^\\s@]+$/;\n    return regex.test(email);\n  }\n\n  public static valid(req: Request, _res: Response, next: NextFunction) {\n    const { email, password } = req.body;\n    if (!email || !password) throw new ValidateError400('All fields must be filled');\n    if (!ValidateLogin.isValidEmail(email) || password.length < 6) {\n      throw new ValidateError401('Invalid email or password');\n    }\n\n    next();\n  }\n}\n"]},"_coverageSchema":"1a1c01bbd47fc00a2c39e90264f33305004495a9","hash":"d2cd7a4bcbfd448b509ab3950e9458f8f7cd53ae"},"/home/wesley/projetos/Back-end/sd-026-b-trybe-futebol-clube/app/backend/src/controller/LoginController.ts":{"path":"/home/wesley/projetos/Back-end/sd-026-b-trybe-futebol-clube/app/backend/src/controller/LoginController.ts","statementMap":{"0":{"start":{"line":2,"column":0},"end":{"line":2,"column":62}},"1":{"start":{"line":3,"column":23},"end":{"line":3,"column":57}},"2":{"start":{"line":6,"column":36},"end":{"line":6,"column":44}},"3":{"start":{"line":7,"column":22},"end":{"line":7,"column":73}},"4":{"start":{"line":8,"column":8},"end":{"line":8,"column":40}},"5":{"start":{"line":11,"column":26},"end":{"line":11,"column":34}},"6":{"start":{"line":12,"column":21},"end":{"line":12,"column":61}},"7":{"start":{"line":13,"column":8},"end":{"line":13,"column":35}},"8":{"start":{"line":16,"column":0},"end":{"line":16,"column":34}}},"fnMap":{"0":{"name":"(anonymous_0)","decl":{"start":{"line":5,"column":4},"end":{"line":5,"column":5}},"loc":{"start":{"line":5,"column":33},"end":{"line":9,"column":5}},"line":5},"1":{"name":"(anonymous_1)","decl":{"start":{"line":10,"column":4},"end":{"line":10,"column":5}},"loc":{"start":{"line":10,"column":32},"end":{"line":14,"column":5}},"line":10}},"branchMap":{},"s":{"0":1,"1":1,"2":3,"3":3,"4":1,"5":2,"6":2,"7":1,"8":1},"f":{"0":3,"1":2},"b":{},"inputSourceMap":{"version":3,"file":"/home/wesley/projetos/Back-end/sd-026-b-trybe-futebol-clube/app/backend/src/controller/LoginController.ts","sources":["/home/wesley/projetos/Back-end/sd-026-b-trybe-futebol-clube/app/backend/src/controller/LoginController.ts"],"names":[],"mappings":";;AAEA,0DAAmD;AAEnD,MAAqB,eAAe;IAC3B,MAAM,CAAC,KAAK,CAAC,KAAK,CAAC,GAAY,EAAE,GAAa;QACnD,MAAM,EAAE,KAAK,EAAE,QAAQ,EAAE,GAAG,GAAG,CAAC,IAAI,CAAC;QACrC,MAAM,KAAK,GAAG,MAAM,sBAAY,CAAC,KAAK,CAAC,KAAK,EAAE,QAAQ,CAAC,CAAC;QACxD,GAAG,CAAC,MAAM,CAAC,GAAG,CAAC,CAAC,IAAI,CAAC,EAAE,KAAK,EAAE,CAAC,CAAC;IAClC,CAAC;IAEM,MAAM,CAAC,KAAK,CAAC,IAAI,CAAC,GAAY,EAAE,GAAa;QAClD,MAAM,EAAE,KAAK,EAAE,GAAI,GAAiB,CAAC,IAAI,CAAC;QAC1C,MAAM,IAAI,GAAG,MAAM,sBAAY,CAAC,IAAI,CAAC,KAAK,CAAC,CAAC;QAC5C,GAAG,CAAC,MAAM,CAAC,GAAG,CAAC,CAAC,IAAI,CAAC,IAAI,CAAC,CAAC;IAC7B,CAAC;CACF;AAZD,kCAYC","sourcesContent":["import { Request, Response } from 'express';\nimport { EmailAuth } from '../middlewares/AuthValidate';\nimport LoginService from '../service/LoginService';\n\nexport default class LoginController {\n  public static async login(req: Request, res: Response) {\n    const { email, password } = req.body;\n    const token = await LoginService.login(email, password);\n    res.status(200).json({ token });\n  }\n\n  public static async role(req: Request, res: Response) {\n    const { email } = (req as EmailAuth).auth;\n    const role = await LoginService.role(email);\n    res.status(200).json(role);\n  }\n}\n"]},"_coverageSchema":"1a1c01bbd47fc00a2c39e90264f33305004495a9","hash":"a4f4dac16a6d1c0c6f33be5951984e0208e2f31e"},"/home/wesley/projetos/Back-end/sd-026-b-trybe-futebol-clube/app/backend/src/service/LoginService.ts":{"path":"/home/wesley/projetos/Back-end/sd-026-b-trybe-futebol-clube/app/backend/src/service/LoginService.ts","statementMap":{"0":{"start":{"line":2,"column":0},"end":{"line":2,"column":62}},"1":{"start":{"line":3,"column":19},"end":{"line":3,"column":38}},"2":{"start":{"line":4,"column":27},"end":{"line":4,"column":64}},"3":{"start":{"line":5,"column":21},"end":{"line":5,"column":61}},"4":{"start":{"line":6,"column":18},"end":{"line":6,"column":45}},"5":{"start":{"line":9,"column":21},"end":{"line":9,"column":77}},"6":{"start":{"line":10,"column":8},"end":{"line":11,"column":78}},"7":{"start":{"line":11,"column":12},"end":{"line":11,"column":78}},"8":{"start":{"line":12,"column":8},"end":{"line":14,"column":9}},"9":{"start":{"line":13,"column":12},"end":{"line":13,"column":78}},"10":{"start":{"line":15,"column":22},"end":{"line":15,"column":74}},"11":{"start":{"line":16,"column":8},"end":{"line":16,"column":21}},"12":{"start":{"line":19,"column":21},"end":{"line":19,"column":77}},"13":{"start":{"line":20,"column":8},"end":{"line":21,"column":67}},"14":{"start":{"line":21,"column":12},"end":{"line":21,"column":67}},"15":{"start":{"line":22,"column":8},"end":{"line":22,"column":35}},"16":{"start":{"line":25,"column":0},"end":{"line":25,"column":31}}},"fnMap":{"0":{"name":"(anonymous_0)","decl":{"start":{"line":8,"column":4},"end":{"line":8,"column":5}},"loc":{"start":{"line":8,"column":40},"end":{"line":17,"column":5}},"line":8},"1":{"name":"(anonymous_1)","decl":{"start":{"line":18,"column":4},"end":{"line":18,"column":5}},"loc":{"start":{"line":18,"column":29},"end":{"line":23,"column":5}},"line":18}},"branchMap":{"0":{"loc":{"start":{"line":10,"column":8},"end":{"line":11,"column":78}},"type":"if","locations":[{"start":{"line":10,"column":8},"end":{"line":11,"column":78}},{"start":{"line":10,"column":8},"end":{"line":11,"column":78}}],"line":10},"1":{"loc":{"start":{"line":12,"column":8},"end":{"line":14,"column":9}},"type":"if","locations":[{"start":{"line":12,"column":8},"end":{"line":14,"column":9}},{"start":{"line":12,"column":8},"end":{"line":14,"column":9}}],"line":12},"2":{"loc":{"start":{"line":20,"column":8},"end":{"line":21,"column":67}},"type":"if","locations":[{"start":{"line":20,"column":8},"end":{"line":21,"column":67}},{"start":{"line":20,"column":8},"end":{"line":21,"column":67}}],"line":20}},"s":{"0":1,"1":1,"2":1,"3":1,"4":1,"5":3,"6":3,"7":1,"8":2,"9":1,"10":1,"11":1,"12":2,"13":2,"14":1,"15":1,"16":1},"f":{"0":3,"1":2},"b":{"0":[1,2],"1":[1,1],"2":[1,1]},"inputSourceMap":{"version":3,"file":"/home/wesley/projetos/Back-end/sd-026-b-trybe-futebol-clube/app/backend/src/service/LoginService.ts","sources":["/home/wesley/projetos/Back-end/sd-026-b-trybe-futebol-clube/app/backend/src/service/LoginService.ts"],"names":[],"mappings":";;AAAA,uCAAuC;AACvC,iEAA0D;AAC1D,8DAAuD;AACvD,8CAAuC;AAEvC,MAAqB,YAAY;IACxB,MAAM,CAAC,KAAK,CAAC,KAAK,CAAC,KAAa,EAAE,QAAgB;QACvD,MAAM,IAAI,GAAG,MAAM,oBAAU,CAAC,OAAO,CAAC,EAAE,KAAK,EAAE,EAAE,KAAK,EAAE,EAAE,CAAC,CAAC;QAC5D,IAAI,CAAC,IAAI;YAAE,MAAM,IAAI,0BAAgB,CAAC,2BAA2B,CAAC,CAAC;QACnE,IAAI,CAAC,IAAA,sBAAW,EAAC,QAAQ,EAAE,IAAI,CAAC,QAAQ,CAAC,EAAE;YACzC,MAAM,IAAI,0BAAgB,CAAC,2BAA2B,CAAC,CAAC;SACzD;QAED,MAAM,KAAK,GAAG,iBAAO,CAAC,aAAa,CAAC,EAAE,KAAK,EAAE,QAAQ,EAAE,CAAC,CAAC;QACzD,OAAO,KAAK,CAAC;IACf,CAAC;IAEM,MAAM,CAAC,KAAK,CAAC,IAAI,CAAC,KAAa;QACpC,MAAM,IAAI,GAAG,MAAM,oBAAU,CAAC,OAAO,CAAC,EAAE,KAAK,EAAE,EAAE,KAAK,EAAE,EAAE,CAAC,CAAC;QAC5D,IAAI,CAAC,IAAI;YAAE,MAAM,IAAI,0BAAgB,CAAC,gBAAgB,CAAC,CAAC;QACxD,OAAO,EAAE,IAAI,EAAE,IAAI,CAAC,IAAI,EAAE,CAAC;IAC7B,CAAC;CACF;AAjBD,+BAiBC","sourcesContent":["import { compareSync } from 'bcryptjs';\nimport ValidateError401 from '../errors/ValidateError401';\nimport UsersModel from '../database/models/UsersModel';\nimport authJwt from '../utils/authJwt';\n\nexport default class LoginService {\n  public static async login(email: string, password: string) {\n    const user = await UsersModel.findOne({ where: { email } });\n    if (!user) throw new ValidateError401('Invalid email or password');\n    if (!compareSync(password, user.password)) {\n      throw new ValidateError401('Invalid email or password');\n    }\n\n    const token = authJwt.generateToken({ email, password });\n    return token;\n  }\n\n  public static async role(email: string) {\n    const user = await UsersModel.findOne({ where: { email } });\n    if (!user) throw new ValidateError401('User not found');\n    return { role: user.role };\n  }\n}\n"]},"_coverageSchema":"1a1c01bbd47fc00a2c39e90264f33305004495a9","hash":"fd9056088182e861344f579f4b308716981ccfbd"},"/home/wesley/projetos/Back-end/sd-026-b-trybe-futebol-clube/app/backend/src/utils/authJwt.ts":{"path":"/home/wesley/projetos/Back-end/sd-026-b-trybe-futebol-clube/app/backend/src/utils/authJwt.ts","statementMap":{"0":{"start":{"line":2,"column":0},"end":{"line":2,"column":62}},"1":{"start":{"line":3,"column":12},"end":{"line":3,"column":35}},"2":{"start":{"line":4,"column":18},"end":{"line":4,"column":40}},"3":{"start":{"line":5,"column":22},"end":{"line":8,"column":1}},"4":{"start":{"line":6,"column":18},"end":{"line":6,"column":46}},"5":{"start":{"line":7,"column":4},"end":{"line":7,"column":17}},"6":{"start":{"line":9,"column":20},"end":{"line":12,"column":1}},"7":{"start":{"line":10,"column":25},"end":{"line":10,"column":53}},"8":{"start":{"line":11,"column":4},"end":{"line":11,"column":24}},"9":{"start":{"line":13,"column":0},"end":{"line":16,"column":2}}},"fnMap":{"0":{"name":"(anonymous_0)","decl":{"start":{"line":5,"column":22},"end":{"line":5,"column":23}},"loc":{"start":{"line":5,"column":35},"end":{"line":8,"column":1}},"line":5},"1":{"name":"(anonymous_1)","decl":{"start":{"line":9,"column":20},"end":{"line":9,"column":21}},"loc":{"start":{"line":9,"column":31},"end":{"line":12,"column":1}},"line":9}},"branchMap":{},"s":{"0":1,"1":1,"2":1,"3":1,"4":0,"5":0,"6":1,"7":4,"8":0,"9":1},"f":{"0":0,"1":4},"b":{},"inputSourceMap":{"version":3,"file":"/home/wesley/projetos/Back-end/sd-026-b-trybe-futebol-clube/app/backend/src/utils/authJwt.ts","sources":["/home/wesley/projetos/Back-end/sd-026-b-trybe-futebol-clube/app/backend/src/utils/authJwt.ts"],"names":[],"mappings":";;AAAA,oCAAoC;AAEpC,MAAM,SAAS,GAAG,OAAO,CAAC,GAAG,CAAC,UAAoB,CAAC;AAOnD,MAAM,aAAa,GAAG,CAAC,OAAmB,EAAE,EAAE;IAC5C,MAAM,KAAK,GAAG,GAAG,CAAC,IAAI,CAAC,OAAO,EAAE,SAAS,CAAC,CAAC;IAC3C,OAAO,KAAK,CAAC;AACf,CAAC,CAAC;AAEF,MAAM,WAAW,GAAG,CAAC,KAAa,EAAc,EAAE;IAChD,MAAM,YAAY,GAAG,GAAG,CAAC,MAAM,CAAC,KAAK,EAAE,SAAS,CAAC,CAAC;IAClD,OAAO,YAA0B,CAAC;AACpC,CAAC,CAAC;AAEF,kBAAe;IACb,aAAa;IACb,WAAW;CACZ,CAAC","sourcesContent":["import * as jwt from 'jsonwebtoken';\n\nconst secretKey = process.env.JWT_SECRET as string;\n\ntype AppPayload = {\n  email: string,\n  password: string\n};\n\nconst generateToken = (payload: AppPayload) => {\n  const token = jwt.sign(payload, secretKey);\n  return token;\n};\n\nconst tokenVerify = (token: string): AppPayload => {\n  const tokenDecoded = jwt.verify(token, secretKey);\n  return tokenDecoded as AppPayload;\n};\n\nexport default {\n  generateToken,\n  tokenVerify,\n};\n"]},"_coverageSchema":"1a1c01bbd47fc00a2c39e90264f33305004495a9","hash":"78d6ee3da93d7bb48353bea879835f4ed427d4c7"},"/home/wesley/projetos/Back-end/sd-026-b-trybe-futebol-clube/app/backend/src/middlewares/AuthValidate.ts":{"path":"/home/wesley/projetos/Back-end/sd-026-b-trybe-futebol-clube/app/backend/src/middlewares/AuthValidate.ts","statementMap":{"0":{"start":{"line":2,"column":0},"end":{"line":2,"column":62}},"1":{"start":{"line":3,"column":27},"end":{"line":3,"column":64}},"2":{"start":{"line":4,"column":18},"end":{"line":4,"column":45}},"3":{"start":{"line":7,"column":34},"end":{"line":7,"column":45}},"4":{"start":{"line":8,"column":8},"end":{"line":10,"column":9}},"5":{"start":{"line":9,"column":12},"end":{"line":9,"column":68}},"6":{"start":{"line":11,"column":8},"end":{"line":17,"column":9}},"7":{"start":{"line":12,"column":32},"end":{"line":12,"column":76}},"8":{"start":{"line":13,"column":12},"end":{"line":13,"column":52}},"9":{"start":{"line":16,"column":12},"end":{"line":16,"column":80}},"10":{"start":{"line":18,"column":8},"end":{"line":18,"column":15}},"11":{"start":{"line":21,"column":0},"end":{"line":21,"column":31}}},"fnMap":{"0":{"name":"(anonymous_0)","decl":{"start":{"line":6,"column":4},"end":{"line":6,"column":5}},"loc":{"start":{"line":6,"column":41},"end":{"line":19,"column":5}},"line":6}},"branchMap":{"0":{"loc":{"start":{"line":8,"column":8},"end":{"line":10,"column":9}},"type":"if","locations":[{"start":{"line":8,"column":8},"end":{"line":10,"column":9}},{"start":{"line":8,"column":8},"end":{"line":10,"column":9}}],"line":8}},"s":{"0":1,"1":1,"2":1,"3":15,"4":15,"5":4,"6":11,"7":11,"8":7,"9":4,"10":7,"11":1},"f":{"0":15},"b":{"0":[4,11]},"inputSourceMap":{"version":3,"file":"/home/wesley/projetos/Back-end/sd-026-b-trybe-futebol-clube/app/backend/src/middlewares/AuthValidate.ts","sources":["/home/wesley/projetos/Back-end/sd-026-b-trybe-futebol-clube/app/backend/src/middlewares/AuthValidate.ts"],"names":[],"mappings":";;AACA,iEAA0D;AAC1D,8CAAuC;AAQvC,MAAqB,YAAY;IACxB,MAAM,CAAC,YAAY,CAAC,GAAY,EAAE,IAAc,EAAE,IAAkB;QACzE,MAAM,EAAE,aAAa,EAAE,GAAG,GAAG,CAAC,OAAO,CAAC;QACtC,IAAI,CAAC,aAAa,EAAE;YAClB,MAAM,IAAI,0BAAgB,CAAC,iBAAiB,CAAC,CAAC;SAC/C;QAED,IAAI;YACF,MAAM,WAAW,GAAG,iBAAO,CAAC,WAAW,CAAC,aAAa,CAAC,CAAC;YACtD,GAAiB,CAAC,IAAI,GAAG,EAAE,KAAK,EAAE,WAAW,CAAC,KAAK,EAAE,CAAC;SACxD;QAAC,OAAO,KAAK,EAAE;YACd,MAAM,IAAI,0BAAgB,CAAC,6BAA6B,CAAC,CAAC;SAC3D;QAED,IAAI,EAAE,CAAC;IACT,CAAC;CACF;AAhBD,+BAgBC","sourcesContent":["import { NextFunction, Request, Response } from 'express';\nimport ValidateError401 from '../errors/ValidateError401';\nimport authJwt from '../utils/authJwt';\n\nexport type EmailAuth = Request & {\n  auth: {\n    email: string\n  }\n};\n\nexport default class AuthValidate {\n  public static tokenVerifiq(req: Request, _res: Response, next: NextFunction) {\n    const { authorization } = req.headers;\n    if (!authorization) {\n      throw new ValidateError401('Token not found');\n    }\n\n    try {\n      const decodedAuth = authJwt.tokenVerify(authorization);\n      (req as EmailAuth).auth = { email: decodedAuth.email };\n    } catch (error) {\n      throw new ValidateError401('Token must be a valid token');\n    }\n\n    next();\n  }\n}\n"]},"_coverageSchema":"1a1c01bbd47fc00a2c39e90264f33305004495a9","hash":"3b13089a6499ca48af70ac9be1dbd6d15676991b"},"/home/wesley/projetos/Back-end/sd-026-b-trybe-futebol-clube/app/backend/src/router/matches.router.ts":{"path":"/home/wesley/projetos/Back-end/sd-026-b-trybe-futebol-clube/app/backend/src/router/matches.router.ts","statementMap":{"0":{"start":{"line":2,"column":0},"end":{"line":2,"column":62}},"1":{"start":{"line":3,"column":18},"end":{"line":3,"column":36}},"2":{"start":{"line":4,"column":28},"end":{"line":4,"column":70}},"3":{"start":{"line":5,"column":23},"end":{"line":5,"column":61}},"4":{"start":{"line":6,"column":22},"end":{"line":6,"column":45}},"5":{"start":{"line":7,"column":0},"end":{"line":7,"column":100}},"6":{"start":{"line":7,"column":37},"end":{"line":7,"column":98}},"7":{"start":{"line":8,"column":0},"end":{"line":8,"column":173}},"8":{"start":{"line":8,"column":55},"end":{"line":8,"column":106}},"9":{"start":{"line":8,"column":122},"end":{"line":8,"column":171}},"10":{"start":{"line":9,"column":0},"end":{"line":9,"column":166}},"11":{"start":{"line":9,"column":48},"end":{"line":9,"column":99}},"12":{"start":{"line":9,"column":115},"end":{"line":9,"column":164}},"13":{"start":{"line":10,"column":0},"end":{"line":10,"column":162}},"14":{"start":{"line":10,"column":44},"end":{"line":10,"column":95}},"15":{"start":{"line":10,"column":111},"end":{"line":10,"column":160}},"16":{"start":{"line":11,"column":0},"end":{"line":11,"column":32}}},"fnMap":{"0":{"name":"(anonymous_0)","decl":{"start":{"line":7,"column":23},"end":{"line":7,"column":24}},"loc":{"start":{"line":7,"column":37},"end":{"line":7,"column":98}},"line":7},"1":{"name":"(anonymous_1)","decl":{"start":{"line":8,"column":35},"end":{"line":8,"column":36}},"loc":{"start":{"line":8,"column":55},"end":{"line":8,"column":106}},"line":8},"2":{"name":"(anonymous_2)","decl":{"start":{"line":8,"column":108},"end":{"line":8,"column":109}},"loc":{"start":{"line":8,"column":122},"end":{"line":8,"column":171}},"line":8},"3":{"name":"(anonymous_3)","decl":{"start":{"line":9,"column":28},"end":{"line":9,"column":29}},"loc":{"start":{"line":9,"column":48},"end":{"line":9,"column":99}},"line":9},"4":{"name":"(anonymous_4)","decl":{"start":{"line":9,"column":101},"end":{"line":9,"column":102}},"loc":{"start":{"line":9,"column":115},"end":{"line":9,"column":164}},"line":9},"5":{"name":"(anonymous_5)","decl":{"start":{"line":10,"column":24},"end":{"line":10,"column":25}},"loc":{"start":{"line":10,"column":44},"end":{"line":10,"column":95}},"line":10},"6":{"name":"(anonymous_6)","decl":{"start":{"line":10,"column":97},"end":{"line":10,"column":98}},"loc":{"start":{"line":10,"column":111},"end":{"line":10,"column":160}},"line":10}},"branchMap":{},"s":{"0":1,"1":1,"2":1,"3":1,"4":1,"5":1,"6":6,"7":1,"8":3,"9":1,"10":1,"11":3,"12":1,"13":1,"14":5,"15":3,"16":1},"f":{"0":6,"1":3,"2":1,"3":3,"4":1,"5":5,"6":3},"b":{},"inputSourceMap":{"version":3,"file":"/home/wesley/projetos/Back-end/sd-026-b-trybe-futebol-clube/app/backend/src/router/matches.router.ts","sources":["/home/wesley/projetos/Back-end/sd-026-b-trybe-futebol-clube/app/backend/src/router/matches.router.ts"],"names":[],"mappings":";;AAAA,qCAAiC;AACjC,uEAAgE;AAChE,8DAAuD;AAEvD,MAAM,aAAa,GAAG,IAAA,gBAAM,GAAE,CAAC;AAE/B,aAAa,CAAC,GAAG,CAAC,GAAG,EAAE,CAAC,GAAG,EAAE,GAAG,EAAE,EAAE,CAAC,2BAAiB,CAAC,uBAAuB,CAAC,GAAG,EAAE,GAAG,CAAC,CAAC,CAAC;AAE1F,aAAa,CAAC,KAAK,CACjB,aAAa,EACb,CAAC,GAAG,EAAE,GAAG,EAAE,IAAI,EAAE,EAAE,CAAC,sBAAY,CAAC,YAAY,CAAC,GAAG,EAAE,GAAG,EAAE,IAAI,CAAC,EAC7D,CAAC,GAAG,EAAE,GAAG,EAAE,EAAE,CAAC,2BAAiB,CAAC,WAAW,CAAC,GAAG,EAAE,GAAG,CAAC,CACtD,CAAC;AAEF,aAAa,CAAC,KAAK,CACjB,MAAM,EACN,CAAC,GAAG,EAAE,GAAG,EAAE,IAAI,EAAE,EAAE,CAAC,sBAAY,CAAC,YAAY,CAAC,GAAG,EAAE,GAAG,EAAE,IAAI,CAAC,EAC7D,CAAC,GAAG,EAAE,GAAG,EAAE,EAAE,CAAC,2BAAiB,CAAC,WAAW,CAAC,GAAG,EAAE,GAAG,CAAC,CACtD,CAAC;AAEF,aAAa,CAAC,IAAI,CAChB,GAAG,EACH,CAAC,GAAG,EAAE,GAAG,EAAE,IAAI,EAAE,EAAE,CAAC,sBAAY,CAAC,YAAY,CAAC,GAAG,EAAE,GAAG,EAAE,IAAI,CAAC,EAC7D,CAAC,GAAG,EAAE,GAAG,EAAE,EAAE,CAAC,2BAAiB,CAAC,WAAW,CAAC,GAAG,EAAE,GAAG,CAAC,CACtD,CAAC;AAEF,kBAAe,aAAa,CAAC","sourcesContent":["import { Router } from 'express';\nimport MatchesController from '../controller/MatchesController';\nimport AuthValidate from '../middlewares/AuthValidate';\n\nconst matchesRouter = Router();\n\nmatchesRouter.get('/', (req, res) => MatchesController.findAllMatchesWithTeams(req, res));\n\nmatchesRouter.patch(\n  '/:id/finish',\n  (req, res, next) => AuthValidate.tokenVerifiq(req, res, next),\n  (req, res) => MatchesController.finishMatch(req, res),\n);\n\nmatchesRouter.patch(\n  '/:id',\n  (req, res, next) => AuthValidate.tokenVerifiq(req, res, next),\n  (req, res) => MatchesController.updateMatch(req, res),\n);\n\nmatchesRouter.post(\n  '/',\n  (req, res, next) => AuthValidate.tokenVerifiq(req, res, next),\n  (req, res) => MatchesController.createMatch(req, res),\n);\n\nexport default matchesRouter;\n"]},"_coverageSchema":"1a1c01bbd47fc00a2c39e90264f33305004495a9","hash":"33bf16196101c63ff5e4f2f019aa58fafa166d51"},"/home/wesley/projetos/Back-end/sd-026-b-trybe-futebol-clube/app/backend/src/controller/MatchesController.ts":{"path":"/home/wesley/projetos/Back-end/sd-026-b-trybe-futebol-clube/app/backend/src/controller/MatchesController.ts","statementMap":{"0":{"start":{"line":2,"column":0},"end":{"line":2,"column":62}},"1":{"start":{"line":3,"column":25},"end":{"line":3,"column":61}},"2":{"start":{"line":6,"column":31},"end":{"line":6,"column":40}},"3":{"start":{"line":7,"column":8},"end":{"line":10,"column":9}},"4":{"start":{"line":8,"column":34},"end":{"line":8,"column":96}},"5":{"start":{"line":9,"column":12},"end":{"line":9,"column":55}},"6":{"start":{"line":11,"column":27},"end":{"line":11,"column":83}},"7":{"start":{"line":12,"column":8},"end":{"line":12,"column":41}},"8":{"start":{"line":15,"column":23},"end":{"line":15,"column":33}},"9":{"start":{"line":16,"column":23},"end":{"line":16,"column":77}},"10":{"start":{"line":17,"column":8},"end":{"line":17,"column":37}},"11":{"start":{"line":20,"column":23},"end":{"line":20,"column":33}},"12":{"start":{"line":21,"column":49},"end":{"line":21,"column":57}},"13":{"start":{"line":22,"column":23},"end":{"line":23,"column":82}},"14":{"start":{"line":24,"column":8},"end":{"line":24,"column":37}},"15":{"start":{"line":27,"column":28},"end":{"line":27,"column":80}},"16":{"start":{"line":28,"column":8},"end":{"line":28,"column":42}},"17":{"start":{"line":31,"column":0},"end":{"line":31,"column":36}}},"fnMap":{"0":{"name":"(anonymous_0)","decl":{"start":{"line":5,"column":4},"end":{"line":5,"column":5}},"loc":{"start":{"line":5,"column":51},"end":{"line":13,"column":5}},"line":5},"1":{"name":"(anonymous_1)","decl":{"start":{"line":14,"column":4},"end":{"line":14,"column":5}},"loc":{"start":{"line":14,"column":39},"end":{"line":18,"column":5}},"line":14},"2":{"name":"(anonymous_2)","decl":{"start":{"line":19,"column":4},"end":{"line":19,"column":5}},"loc":{"start":{"line":19,"column":39},"end":{"line":25,"column":5}},"line":19},"3":{"name":"(anonymous_3)","decl":{"start":{"line":26,"column":4},"end":{"line":26,"column":5}},"loc":{"start":{"line":26,"column":39},"end":{"line":29,"column":5}},"line":26}},"branchMap":{"0":{"loc":{"start":{"line":7,"column":8},"end":{"line":10,"column":9}},"type":"if","locations":[{"start":{"line":7,"column":8},"end":{"line":10,"column":9}},{"start":{"line":7,"column":8},"end":{"line":10,"column":9}}],"line":7}},"s":{"0":1,"1":1,"2":6,"3":6,"4":4,"5":4,"6":2,"7":2,"8":1,"9":1,"10":1,"11":1,"12":1,"13":1,"14":1,"15":3,"16":1,"17":1},"f":{"0":6,"1":1,"2":1,"3":3},"b":{"0":[4,2]},"inputSourceMap":{"version":3,"file":"/home/wesley/projetos/Back-end/sd-026-b-trybe-futebol-clube/app/backend/src/controller/MatchesController.ts","sources":["/home/wesley/projetos/Back-end/sd-026-b-trybe-futebol-clube/app/backend/src/controller/MatchesController.ts"],"names":[],"mappings":";;AACA,8DAAuD;AAEvD,MAAqB,iBAAiB;IAC7B,MAAM,CAAC,KAAK,CAAC,uBAAuB,CAAC,GAAY,EAAE,GAAa;QACrE,MAAM,EAAE,UAAU,EAAE,GAAG,GAAG,CAAC,KAAK,CAAC;QACjC,IAAI,OAAO,UAAU,KAAK,QAAQ,EAAE;YAClC,MAAM,aAAa,GAAG,MAAM,wBAAc,CAAC,mBAAmB,CAAC,UAAU,CAAC,CAAC;YAC3E,OAAO,GAAG,CAAC,MAAM,CAAC,GAAG,CAAC,CAAC,IAAI,CAAC,aAAa,CAAC,CAAC;SAC5C;QACD,MAAM,UAAU,GAAG,MAAM,wBAAc,CAAC,uBAAuB,EAAE,CAAC;QAClE,GAAG,CAAC,MAAM,CAAC,GAAG,CAAC,CAAC,IAAI,CAAC,UAAU,CAAC,CAAC;IACnC,CAAC;IAEM,MAAM,CAAC,KAAK,CAAC,WAAW,CAAC,GAAY,EAAE,GAAa;QACzD,MAAM,EAAE,EAAE,EAAE,GAAG,GAAG,CAAC,MAAM,CAAC;QAC1B,MAAM,MAAM,GAAG,MAAM,wBAAc,CAAC,WAAW,CAAC,MAAM,CAAC,EAAE,CAAC,CAAC,CAAC;QAC5D,GAAG,CAAC,MAAM,CAAC,GAAG,CAAC,CAAC,IAAI,CAAC,MAAM,CAAC,CAAC;IAC/B,CAAC;IAEM,MAAM,CAAC,KAAK,CAAC,WAAW,CAAC,GAAY,EAAE,GAAa;QACzD,MAAM,EAAE,EAAE,EAAE,GAAG,GAAG,CAAC,MAAM,CAAC;QAC1B,MAAM,EAAE,aAAa,EAAE,aAAa,EAAE,GAAG,GAAG,CAAC,IAAI,CAAC;QAClD,MAAM,MAAM,GAAG,MAAM,wBAAc;aAChC,WAAW,CAAC,MAAM,CAAC,aAAa,CAAC,EAAE,MAAM,CAAC,aAAa,CAAC,EAAE,MAAM,CAAC,EAAE,CAAC,CAAC,CAAC;QACzE,GAAG,CAAC,MAAM,CAAC,GAAG,CAAC,CAAC,IAAI,CAAC,MAAM,CAAC,CAAC;IAC/B,CAAC;IAEM,MAAM,CAAC,KAAK,CAAC,WAAW,CAAC,GAAY,EAAE,GAAa;QACzD,MAAM,WAAW,GAAG,MAAM,wBAAc,CAAC,WAAW,CAAC,GAAG,CAAC,IAAI,CAAC,CAAC;QAC/D,GAAG,CAAC,MAAM,CAAC,GAAG,CAAC,CAAC,IAAI,CAAC,WAAW,CAAC,CAAC;IACpC,CAAC;CACF;AA7BD,oCA6BC","sourcesContent":["import { Request, Response } from 'express';\nimport MatchesService from '../service/MatchesService';\n\nexport default class MatchesController {\n  public static async findAllMatchesWithTeams(req: Request, res: Response) {\n    const { inProgress } = req.query;\n    if (typeof inProgress === 'string') {\n      const filterMatches = await MatchesService.filterProgressQuery(inProgress);\n      return res.status(200).json(filterMatches);\n    }\n    const allMatches = await MatchesService.findAllMatchesWithTeams();\n    res.status(200).json(allMatches);\n  }\n\n  public static async finishMatch(req: Request, res: Response) {\n    const { id } = req.params;\n    const result = await MatchesService.finishMatch(Number(id));\n    res.status(200).json(result);\n  }\n\n  public static async updateMatch(req: Request, res: Response) {\n    const { id } = req.params;\n    const { homeTeamGoals, awayTeamGoals } = req.body;\n    const result = await MatchesService\n      .updateMatch(Number(homeTeamGoals), Number(awayTeamGoals), Number(id));\n    res.status(200).json(result);\n  }\n\n  public static async createMatch(req: Request, res: Response) {\n    const matchEdited = await MatchesService.createMatch(req.body);\n    res.status(201).json(matchEdited);\n  }\n}\n"]},"_coverageSchema":"1a1c01bbd47fc00a2c39e90264f33305004495a9","hash":"dc8bd7df48a87b05c1bf6de4c71b005fb28386e9"},"/home/wesley/projetos/Back-end/sd-026-b-trybe-futebol-clube/app/backend/src/service/MatchesService.ts":{"path":"/home/wesley/projetos/Back-end/sd-026-b-trybe-futebol-clube/app/backend/src/service/MatchesService.ts","statementMap":{"0":{"start":{"line":2,"column":0},"end":{"line":2,"column":62}},"1":{"start":{"line":3,"column":21},"end":{"line":3,"column":61}},"2":{"start":{"line":4,"column":23},"end":{"line":4,"column":65}},"3":{"start":{"line":5,"column":23},"end":{"line":5,"column":48}},"4":{"start":{"line":6,"column":27},"end":{"line":6,"column":64}},"5":{"start":{"line":7,"column":27},"end":{"line":7,"column":64}},"6":{"start":{"line":10,"column":24},"end":{"line":24,"column":10}},"7":{"start":{"line":25,"column":8},"end":{"line":25,"column":23}},"8":{"start":{"line":28,"column":24},"end":{"line":43,"column":10}},"9":{"start":{"line":44,"column":8},"end":{"line":44,"column":23}},"10":{"start":{"line":47,"column":24},"end":{"line":62,"column":10}},"11":{"start":{"line":63,"column":8},"end":{"line":63,"column":23}},"12":{"start":{"line":66,"column":28},"end":{"line":81,"column":10}},"13":{"start":{"line":82,"column":8},"end":{"line":82,"column":27}},"14":{"start":{"line":85,"column":8},"end":{"line":85,"column":86}},"15":{"start":{"line":86,"column":8},"end":{"line":86,"column":39}},"16":{"start":{"line":89,"column":8},"end":{"line":89,"column":97}},"17":{"start":{"line":90,"column":8},"end":{"line":90,"column":44}},"18":{"start":{"line":93,"column":8},"end":{"line":95,"column":9}},"19":{"start":{"line":94,"column":12},"end":{"line":94,"column":110}},"20":{"start":{"line":96,"column":23},"end":{"line":96,"column":84}},"21":{"start":{"line":97,"column":23},"end":{"line":97,"column":84}},"22":{"start":{"line":98,"column":8},"end":{"line":100,"column":9}},"23":{"start":{"line":99,"column":12},"end":{"line":99,"column":83}},"24":{"start":{"line":101,"column":25},"end":{"line":104,"column":10}},"25":{"start":{"line":105,"column":8},"end":{"line":105,"column":24}},"26":{"start":{"line":108,"column":0},"end":{"line":108,"column":33}}},"fnMap":{"0":{"name":"(anonymous_0)","decl":{"start":{"line":9,"column":4},"end":{"line":9,"column":5}},"loc":{"start":{"line":9,"column":43},"end":{"line":26,"column":5}},"line":9},"1":{"name":"(anonymous_1)","decl":{"start":{"line":27,"column":4},"end":{"line":27,"column":5}},"loc":{"start":{"line":27,"column":41},"end":{"line":45,"column":5}},"line":27},"2":{"name":"(anonymous_2)","decl":{"start":{"line":46,"column":4},"end":{"line":46,"column":5}},"loc":{"start":{"line":46,"column":41},"end":{"line":64,"column":5}},"line":46},"3":{"name":"(anonymous_3)","decl":{"start":{"line":65,"column":4},"end":{"line":65,"column":5}},"loc":{"start":{"line":65,"column":44},"end":{"line":83,"column":5}},"line":65},"4":{"name":"(anonymous_4)","decl":{"start":{"line":84,"column":4},"end":{"line":84,"column":5}},"loc":{"start":{"line":84,"column":33},"end":{"line":87,"column":5}},"line":84},"5":{"name":"(anonymous_5)","decl":{"start":{"line":88,"column":4},"end":{"line":88,"column":5}},"loc":{"start":{"line":88,"column":63},"end":{"line":91,"column":5}},"line":88},"6":{"name":"(anonymous_6)","decl":{"start":{"line":92,"column":4},"end":{"line":92,"column":5}},"loc":{"start":{"line":92,"column":43},"end":{"line":106,"column":5}},"line":92}},"branchMap":{"0":{"loc":{"start":{"line":93,"column":8},"end":{"line":95,"column":9}},"type":"if","locations":[{"start":{"line":93,"column":8},"end":{"line":95,"column":9}},{"start":{"line":93,"column":8},"end":{"line":95,"column":9}}],"line":93},"1":{"loc":{"start":{"line":98,"column":8},"end":{"line":100,"column":9}},"type":"if","locations":[{"start":{"line":98,"column":8},"end":{"line":100,"column":9}},{"start":{"line":98,"column":8},"end":{"line":100,"column":9}}],"line":98},"2":{"loc":{"start":{"line":98,"column":12},"end":{"line":98,"column":68}},"type":"binary-expr","locations":[{"start":{"line":98,"column":12},"end":{"line":98,"column":38}},{"start":{"line":98,"column":42},"end":{"line":98,"column":68}}],"line":98}},"s":{"0":1,"1":1,"2":1,"3":1,"4":1,"5":1,"6":2,"7":2,"8":2,"9":2,"10":2,"11":2,"12":4,"13":4,"14":1,"15":1,"16":1,"17":1,"18":3,"19":1,"20":2,"21":2,"22":2,"23":1,"24":1,"25":1,"26":1},"f":{"0":2,"1":2,"2":2,"3":4,"4":1,"5":1,"6":3},"b":{"0":[1,2],"1":[1,1],"2":[2,1]},"inputSourceMap":{"version":3,"file":"/home/wesley/projetos/Back-end/sd-026-b-trybe-futebol-clube/app/backend/src/service/MatchesService.ts","sources":["/home/wesley/projetos/Back-end/sd-026-b-trybe-futebol-clube/app/backend/src/service/MatchesService.ts"],"names":[],"mappings":";;AAAA,8DAAuD;AACvD,kEAAiF;AAEjF,iDAA0C;AAC1C,iEAA0D;AAC1D,iEAA0D;AAE1D,MAAqB,cAAc;IAC1B,MAAM,CAAC,KAAK,CAAC,uBAAuB;QACzC,MAAM,OAAO,GAAG,MAAM,sBAAY,CAAC,OAAO,CAAC;YACzC,UAAU,EAAE,EAAE,OAAO,EAAE,CAAC,cAAc,EAAE,cAAc,CAAC,EAAE;YACzD,OAAO,EAAE;gBACP;oBACE,KAAK,EAAE,oBAAU;oBACjB,EAAE,EAAE,UAAU;oBACd,UAAU,EAAE,EAAE,OAAO,EAAE,CAAC,IAAI,CAAC,EAAE;iBAChC;gBACD;oBACE,KAAK,EAAE,oBAAU;oBACjB,EAAE,EAAE,UAAU;oBACd,UAAU,EAAE,EAAE,OAAO,EAAE,CAAC,IAAI,CAAC,EAAE;iBAChC;aACF;SACF,CAAC,CAAC;QAEH,OAAO,OAAO,CAAC;IACjB,CAAC;IAEM,MAAM,CAAC,KAAK,CAAC,mBAAmB,CAAC,EAAU;QAChD,MAAM,OAAO,GAAG,MAAM,sBAAY,CAAC,OAAO,CAAC;YACzC,KAAK,EAAE,EAAE,UAAU,EAAE,EAAE,EAAE,UAAU,EAAE,KAAK,EAAE;YAC5C,UAAU,EAAE,EAAE,OAAO,EAAE,CAAC,cAAc,EAAE,cAAc,CAAC,EAAE;YACzD,OAAO,EAAE;gBACP;oBACE,KAAK,EAAE,oBAAU;oBACjB,EAAE,EAAE,UAAU;oBACd,UAAU,EAAE,EAAE,OAAO,EAAE,CAAC,IAAI,CAAC,EAAE;iBAChC;gBACD;oBACE,KAAK,EAAE,oBAAU;oBACjB,EAAE,EAAE,UAAU;oBACd,UAAU,EAAE,EAAE,OAAO,EAAE,CAAC,IAAI,CAAC,EAAE;iBAChC;aACF;SACF,CAAC,CAAC;QAEH,OAAO,OAAO,CAAC;IACjB,CAAC;IAEM,MAAM,CAAC,KAAK,CAAC,mBAAmB,CAAC,EAAU;QAChD,MAAM,OAAO,GAAG,MAAM,sBAAY,CAAC,OAAO,CAAC;YACzC,KAAK,EAAE,EAAE,UAAU,EAAE,EAAE,EAAE,UAAU,EAAE,KAAK,EAAE;YAC5C,UAAU,EAAE,EAAE,OAAO,EAAE,CAAC,cAAc,EAAE,cAAc,CAAC,EAAE;YACzD,OAAO,EAAE;gBACP;oBACE,KAAK,EAAE,oBAAU;oBACjB,EAAE,EAAE,UAAU;oBACd,UAAU,EAAE,EAAE,OAAO,EAAE,CAAC,IAAI,CAAC,EAAE;iBAChC;gBACD;oBACE,KAAK,EAAE,oBAAU;oBACjB,EAAE,EAAE,UAAU;oBACd,UAAU,EAAE,EAAE,OAAO,EAAE,CAAC,IAAI,CAAC,EAAE;iBAChC;aACF;SACF,CAAC,CAAC;QAEH,OAAO,OAAO,CAAC;IACjB,CAAC;IAEM,MAAM,CAAC,KAAK,CAAC,mBAAmB,CAAC,KAAa;QACnD,MAAM,WAAW,GAAG,MAAM,sBAAY,CAAC,OAAO,CAAC;YAC7C,KAAK,EAAE,EAAE,UAAU,EAAE,KAAK,KAAK,MAAM,EAAE;YACvC,UAAU,EAAE,EAAE,OAAO,EAAE,CAAC,cAAc,EAAE,cAAc,CAAC,EAAE;YACzD,OAAO,EAAE;gBACP;oBACE,KAAK,EAAE,oBAAU;oBACjB,EAAE,EAAE,UAAU;oBACd,UAAU,EAAE,EAAE,OAAO,EAAE,CAAC,IAAI,CAAC,EAAE;iBAChC;gBACD;oBACE,KAAK,EAAE,oBAAU;oBACjB,EAAE,EAAE,UAAU;oBACd,UAAU,EAAE,EAAE,OAAO,EAAE,CAAC,IAAI,CAAC,EAAE;iBAChC;aAAC;SACL,CAAC,CAAC;QACH,OAAO,WAAW,CAAC;IACrB,CAAC;IAEM,MAAM,CAAC,KAAK,CAAC,WAAW,CAAC,EAAU;QACxC,MAAM,sBAAY,CAAC,MAAM,CAAC,EAAE,UAAU,EAAE,KAAK,EAAE,EAAE,EAAE,KAAK,EAAE,EAAE,EAAE,EAAE,EAAE,CAAC,CAAC;QACpE,OAAO,EAAE,OAAO,EAAE,UAAU,EAAE,CAAC;IACjC,CAAC;IAEM,MAAM,CAAC,KAAK,CAAC,WAAW,CAAC,aAAqB,EAAE,aAAqB,EAAE,EAAU;QACtF,MAAM,sBAAY,CAAC,MAAM,CAAC,EAAE,aAAa,EAAE,aAAa,EAAE,EAAE,EAAE,KAAK,EAAE,EAAE,EAAE,EAAE,EAAE,CAAC,CAAC;QAC/E,OAAO,EAAE,OAAO,EAAE,eAAe,EAAE,CAAC;IACtC,CAAC;IAEM,MAAM,CAAC,KAAK,CAAC,WAAW,CAAC,YAA2B;QACzD,IAAI,YAAY,CAAC,UAAU,KAAK,YAAY,CAAC,UAAU,EAAE;YACvD,MAAM,IAAI,0BAAgB,CAAC,2DAA2D,CAAC,CAAC;SACzF;QACD,MAAM,MAAM,GAAG,MAAM,sBAAY,CAAC,OAAO,CAAC,YAAY,CAAC,UAAU,CAAC,CAAC;QACnE,MAAM,MAAM,GAAG,MAAM,sBAAY,CAAC,OAAO,CAAC,YAAY,CAAC,UAAU,CAAC,CAAC;QAEnE,IAAI,OAAO,MAAM,KAAK,QAAQ,IAAI,OAAO,MAAM,KAAK,QAAQ,EAAE;YAC5D,MAAM,IAAI,0BAAgB,CAAC,gCAAgC,CAAC,CAAC;SAC9D;QAED,MAAM,QAAQ,GAAG,MAAM,sBAAY,CAAC,MAAM,CAAC;YACzC,GAAG,YAAY;YACf,UAAU,EAAE,IAAI;SACjB,CAAC,CAAC;QACH,OAAO,QAAQ,CAAC;IAClB,CAAC;CACF;AA7GD,iCA6GC","sourcesContent":["import TeamsModel from '../database/models/TeamsModel';\nimport MatchesModel, { matchesAtributes } from '../database/models/MatchesModel';\nimport matchesInsert from '../interface/matchesInsert';\nimport TeamsService from './TeamsService';\nimport ValidateError422 from '../errors/ValidateError422';\nimport ValidateError404 from '../errors/ValidateError404';\n\nexport default class MatchesService {\n  public static async findAllMatchesWithTeams(): Promise<matchesAtributes[]> {\n    const matches = await MatchesModel.findAll({\n      attributes: { exclude: ['home_team_id', 'away_team_id'] },\n      include: [\n        {\n          model: TeamsModel,\n          as: 'homeTeam',\n          attributes: { exclude: ['id'] },\n        },\n        {\n          model: TeamsModel,\n          as: 'awayTeam',\n          attributes: { exclude: ['id'] },\n        },\n      ],\n    });\n\n    return matches;\n  }\n\n  public static async findMatchesHomeById(id: number): Promise<matchesAtributes[]> {\n    const matches = await MatchesModel.findAll({\n      where: { homeTeamId: id, inProgress: false },\n      attributes: { exclude: ['home_team_id', 'away_team_id'] },\n      include: [\n        {\n          model: TeamsModel,\n          as: 'homeTeam',\n          attributes: { exclude: ['id'] },\n        },\n        {\n          model: TeamsModel,\n          as: 'awayTeam',\n          attributes: { exclude: ['id'] },\n        },\n      ],\n    });\n\n    return matches;\n  }\n\n  public static async findMatchesAwayById(id: number): Promise<matchesAtributes[]> {\n    const matches = await MatchesModel.findAll({\n      where: { awayTeamId: id, inProgress: false },\n      attributes: { exclude: ['home_team_id', 'away_team_id'] },\n      include: [\n        {\n          model: TeamsModel,\n          as: 'homeTeam',\n          attributes: { exclude: ['id'] },\n        },\n        {\n          model: TeamsModel,\n          as: 'awayTeam',\n          attributes: { exclude: ['id'] },\n        },\n      ],\n    });\n\n    return matches;\n  }\n\n  public static async filterProgressQuery(query: string) {\n    const matchFilter = await MatchesModel.findAll({\n      where: { inProgress: query === 'true' },\n      attributes: { exclude: ['home_team_id', 'away_team_id'] },\n      include: [\n        {\n          model: TeamsModel,\n          as: 'homeTeam',\n          attributes: { exclude: ['id'] },\n        },\n        {\n          model: TeamsModel,\n          as: 'awayTeam',\n          attributes: { exclude: ['id'] },\n        }],\n    });\n    return matchFilter;\n  }\n\n  public static async finishMatch(id: number) {\n    await MatchesModel.update({ inProgress: false }, { where: { id } });\n    return { message: 'finished' };\n  }\n\n  public static async updateMatch(homeTeamGoals: number, awayTeamGoals: number, id: number) {\n    await MatchesModel.update({ homeTeamGoals, awayTeamGoals }, { where: { id } });\n    return { message: 'match updated' };\n  }\n\n  public static async createMatch(matcheInsert: matchesInsert) {\n    if (matcheInsert.awayTeamId === matcheInsert.homeTeamId) {\n      throw new ValidateError422('It is not possible to create a match with two equal teams');\n    }\n    const idHome = await TeamsService.getById(matcheInsert.homeTeamId);\n    const idAway = await TeamsService.getById(matcheInsert.awayTeamId);\n\n    if (typeof idHome === 'string' || typeof idAway === 'string') {\n      throw new ValidateError404('There is no team with such id!');\n    }\n\n    const newMatch = await MatchesModel.create({\n      ...matcheInsert,\n      inProgress: true,\n    });\n    return newMatch;\n  }\n}\n"]},"_coverageSchema":"1a1c01bbd47fc00a2c39e90264f33305004495a9","hash":"879a0dd7da4a38ef5efc6c5423e5538f394c8ce7"},"/home/wesley/projetos/Back-end/sd-026-b-trybe-futebol-clube/app/backend/src/router/leaderBoard.router.ts":{"path":"/home/wesley/projetos/Back-end/sd-026-b-trybe-futebol-clube/app/backend/src/router/leaderBoard.router.ts","statementMap":{"0":{"start":{"line":2,"column":0},"end":{"line":2,"column":62}},"1":{"start":{"line":3,"column":18},"end":{"line":3,"column":36}},"2":{"start":{"line":4,"column":32},"end":{"line":4,"column":78}},"3":{"start":{"line":5,"column":26},"end":{"line":5,"column":49}},"4":{"start":{"line":6,"column":0},"end":{"line":6,"column":111}},"5":{"start":{"line":6,"column":45},"end":{"line":6,"column":109}},"6":{"start":{"line":7,"column":0},"end":{"line":7,"column":111}},"7":{"start":{"line":7,"column":45},"end":{"line":7,"column":109}},"8":{"start":{"line":8,"column":0},"end":{"line":8,"column":110}},"9":{"start":{"line":8,"column":41},"end":{"line":8,"column":108}},"10":{"start":{"line":9,"column":0},"end":{"line":9,"column":36}}},"fnMap":{"0":{"name":"(anonymous_0)","decl":{"start":{"line":6,"column":31},"end":{"line":6,"column":32}},"loc":{"start":{"line":6,"column":45},"end":{"line":6,"column":109}},"line":6},"1":{"name":"(anonymous_1)","decl":{"start":{"line":7,"column":31},"end":{"line":7,"column":32}},"loc":{"start":{"line":7,"column":45},"end":{"line":7,"column":109}},"line":7},"2":{"name":"(anonymous_2)","decl":{"start":{"line":8,"column":27},"end":{"line":8,"column":28}},"loc":{"start":{"line":8,"column":41},"end":{"line":8,"column":108}},"line":8}},"branchMap":{},"s":{"0":1,"1":1,"2":1,"3":1,"4":1,"5":1,"6":1,"7":1,"8":1,"9":0,"10":1},"f":{"0":1,"1":1,"2":0},"b":{},"inputSourceMap":{"version":3,"file":"/home/wesley/projetos/Back-end/sd-026-b-trybe-futebol-clube/app/backend/src/router/leaderBoard.router.ts","sources":["/home/wesley/projetos/Back-end/sd-026-b-trybe-futebol-clube/app/backend/src/router/leaderBoard.router.ts"],"names":[],"mappings":";;AAAA,qCAAiC;AACjC,+EAAwE;AAExE,MAAM,iBAAiB,GAAG,IAAA,gBAAM,GAAE,CAAC;AAEnC,iBAAiB,CAAC,GAAG,CACnB,OAAO,EACP,CAAC,GAAG,EAAE,GAAG,EAAE,EAAE,CAAC,+BAAqB,CAAC,sBAAsB,CAAC,GAAG,EAAE,GAAG,CAAC,CACrE,CAAC;AAEF,iBAAiB,CAAC,GAAG,CACnB,OAAO,EACP,CAAC,GAAG,EAAE,GAAG,EAAE,EAAE,CAAC,+BAAqB,CAAC,sBAAsB,CAAC,GAAG,EAAE,GAAG,CAAC,CACrE,CAAC;AAEF,iBAAiB,CAAC,GAAG,CACnB,GAAG,EACH,CAAC,GAAG,EAAE,GAAG,EAAE,EAAE,CAAC,+BAAqB,CAAC,yBAAyB,CAAC,GAAG,EAAE,GAAG,CAAC,CACxE,CAAC;AAEF,kBAAe,iBAAiB,CAAC","sourcesContent":["import { Router } from 'express';\nimport LeaderBoardController from '../controller/LeaderBoardController';\n\nconst leaderBoardRouter = Router();\n\nleaderBoardRouter.get(\n  '/home',\n  (req, res) => LeaderBoardController.findAllHomeLeaderBoard(req, res),\n);\n\nleaderBoardRouter.get(\n  '/away',\n  (req, res) => LeaderBoardController.findAllAwayLeaderBoard(req, res),\n);\n\nleaderBoardRouter.get(\n  '/',\n  (req, res) => LeaderBoardController.findAllGeneralLeaderBoard(req, res),\n);\n\nexport default leaderBoardRouter;\n"]},"_coverageSchema":"1a1c01bbd47fc00a2c39e90264f33305004495a9","hash":"32b3d305448047851b5da7d5c46418ce7be6ab69"},"/home/wesley/projetos/Back-end/sd-026-b-trybe-futebol-clube/app/backend/src/controller/LeaderBoardController.ts":{"path":"/home/wesley/projetos/Back-end/sd-026-b-trybe-futebol-clube/app/backend/src/controller/LeaderBoardController.ts","statementMap":{"0":{"start":{"line":2,"column":0},"end":{"line":2,"column":62}},"1":{"start":{"line":3,"column":29},"end":{"line":3,"column":69}},"2":{"start":{"line":6,"column":23},"end":{"line":6,"column":76}},"3":{"start":{"line":7,"column":8},"end":{"line":7,"column":37}},"4":{"start":{"line":10,"column":23},"end":{"line":10,"column":76}},"5":{"start":{"line":11,"column":8},"end":{"line":11,"column":37}},"6":{"start":{"line":14,"column":27},"end":{"line":14,"column":80}},"7":{"start":{"line":15,"column":27},"end":{"line":15,"column":81}},"8":{"start":{"line":16,"column":23},"end":{"line":16,"column":104}},"9":{"start":{"line":17,"column":8},"end":{"line":17,"column":37}},"10":{"start":{"line":20,"column":0},"end":{"line":20,"column":40}}},"fnMap":{"0":{"name":"(anonymous_0)","decl":{"start":{"line":5,"column":4},"end":{"line":5,"column":5}},"loc":{"start":{"line":5,"column":50},"end":{"line":8,"column":5}},"line":5},"1":{"name":"(anonymous_1)","decl":{"start":{"line":9,"column":4},"end":{"line":9,"column":5}},"loc":{"start":{"line":9,"column":50},"end":{"line":12,"column":5}},"line":9},"2":{"name":"(anonymous_2)","decl":{"start":{"line":13,"column":4},"end":{"line":13,"column":5}},"loc":{"start":{"line":13,"column":53},"end":{"line":18,"column":5}},"line":13}},"branchMap":{},"s":{"0":1,"1":1,"2":1,"3":1,"4":1,"5":1,"6":0,"7":0,"8":0,"9":0,"10":1},"f":{"0":1,"1":1,"2":0},"b":{},"inputSourceMap":{"version":3,"file":"/home/wesley/projetos/Back-end/sd-026-b-trybe-futebol-clube/app/backend/src/controller/LeaderBoardController.ts","sources":["/home/wesley/projetos/Back-end/sd-026-b-trybe-futebol-clube/app/backend/src/controller/LeaderBoardController.ts"],"names":[],"mappings":";;AACA,sEAA+D;AAE/D,MAAqB,qBAAqB;IACjC,MAAM,CAAC,KAAK,CAAC,sBAAsB,CAAC,GAAY,EAAE,GAAa;QACpE,MAAM,MAAM,GAAG,MAAM,4BAAkB,CAAC,UAAU,CAAC,MAAM,CAAC,CAAC;QAC3D,GAAG,CAAC,MAAM,CAAC,GAAG,CAAC,CAAC,IAAI,CAAC,MAAM,CAAC,CAAC;IAC/B,CAAC;IAEM,MAAM,CAAC,KAAK,CAAC,sBAAsB,CAAC,GAAY,EAAE,GAAa;QACpE,MAAM,MAAM,GAAG,MAAM,4BAAkB,CAAC,UAAU,CAAC,MAAM,CAAC,CAAC;QAC3D,GAAG,CAAC,MAAM,CAAC,GAAG,CAAC,CAAC,IAAI,CAAC,MAAM,CAAC,CAAC;IAC/B,CAAC;IAEM,MAAM,CAAC,KAAK,CAAC,yBAAyB,CAAC,GAAY,EAAE,GAAa;QACvE,MAAM,UAAU,GAAG,MAAM,4BAAkB,CAAC,UAAU,CAAC,MAAM,CAAC,CAAC;QAC/D,MAAM,UAAU,GAAG,MAAM,4BAAkB,CAAC,UAAU,CAAC,OAAO,CAAC,CAAC;QAChE,MAAM,MAAM,GAAG,MAAM,4BAAkB,CAAC,cAAc,CAAC,CAAC,GAAG,UAAU,EAAE,GAAG,UAAU,CAAC,CAAC,CAAC;QACvF,GAAG,CAAC,MAAM,CAAC,GAAG,CAAC,CAAC,IAAI,CAAC,MAAM,CAAC,CAAC;IAC/B,CAAC;CACF;AAjBD,wCAiBC","sourcesContent":["import { Request, Response } from 'express';\nimport LeaderBoardService from '../service/LeaderBoardService';\n\nexport default class LeaderBoardController {\n  public static async findAllHomeLeaderBoard(req: Request, res: Response) {\n    const result = await LeaderBoardService.resultSort('home');\n    res.status(200).json(result);\n  }\n\n  public static async findAllAwayLeaderBoard(req: Request, res: Response) {\n    const result = await LeaderBoardService.resultSort('away');\n    res.status(200).json(result);\n  }\n\n  public static async findAllGeneralLeaderBoard(req: Request, res: Response) {\n    const homeLeader = await LeaderBoardService.resultSort('home');\n    const awayLeader = await LeaderBoardService.resultSort('await');\n    const result = await LeaderBoardService.findAllGeneral([...homeLeader, ...awayLeader]);\n    res.status(200).json(result);\n  }\n}\n"]},"_coverageSchema":"1a1c01bbd47fc00a2c39e90264f33305004495a9","hash":"b0a15ca4cef611fe3761ab4702ebea396b068c0b"},"/home/wesley/projetos/Back-end/sd-026-b-trybe-futebol-clube/app/backend/src/service/LeaderBoardService.ts":{"path":"/home/wesley/projetos/Back-end/sd-026-b-trybe-futebol-clube/app/backend/src/service/LeaderBoardService.ts","statementMap":{"0":{"start":{"line":2,"column":0},"end":{"line":2,"column":62}},"1":{"start":{"line":3,"column":25},"end":{"line":3,"column":52}},"2":{"start":{"line":4,"column":23},"end":{"line":4,"column":48}},"3":{"start":{"line":7,"column":22},"end":{"line":7,"column":59}},"4":{"start":{"line":8,"column":23},"end":{"line":23,"column":11}},"5":{"start":{"line":9,"column":28},"end":{"line":10,"column":77}},"6":{"start":{"line":11,"column":12},"end":{"line":22,"column":14}},"7":{"start":{"line":24,"column":8},"end":{"line":24,"column":22}},"8":{"start":{"line":27,"column":22},"end":{"line":27,"column":59}},"9":{"start":{"line":28,"column":28},"end":{"line":42,"column":10}},"10":{"start":{"line":29,"column":32},"end":{"line":29,"column":86}},"11":{"start":{"line":29,"column":57},"end":{"line":29,"column":85}},"12":{"start":{"line":30,"column":12},"end":{"line":41,"column":14}},"13":{"start":{"line":43,"column":23},"end":{"line":43,"column":57}},"14":{"start":{"line":44,"column":8},"end":{"line":44,"column":22}},"15":{"start":{"line":47,"column":8},"end":{"line":56,"column":9}},"16":{"start":{"line":48,"column":27},"end":{"line":54,"column":17}},"17":{"start":{"line":49,"column":16},"end":{"line":50,"column":35}},"18":{"start":{"line":50,"column":20},"end":{"line":50,"column":35}},"19":{"start":{"line":51,"column":16},"end":{"line":52,"column":31}},"20":{"start":{"line":52,"column":20},"end":{"line":52,"column":31}},"21":{"start":{"line":53,"column":16},"end":{"line":53,"column":31}},"22":{"start":{"line":55,"column":12},"end":{"line":55,"column":26}},"23":{"start":{"line":57,"column":23},"end":{"line":63,"column":13}},"24":{"start":{"line":58,"column":12},"end":{"line":59,"column":31}},"25":{"start":{"line":59,"column":16},"end":{"line":59,"column":31}},"26":{"start":{"line":60,"column":12},"end":{"line":61,"column":27}},"27":{"start":{"line":61,"column":16},"end":{"line":61,"column":27}},"28":{"start":{"line":62,"column":12},"end":{"line":62,"column":27}},"29":{"start":{"line":64,"column":8},"end":{"line":64,"column":22}},"30":{"start":{"line":67,"column":8},"end":{"line":70,"column":9}},"31":{"start":{"line":68,"column":27},"end":{"line":68,"column":121}},"32":{"start":{"line":68,"column":59},"end":{"line":68,"column":116}},"33":{"start":{"line":69,"column":12},"end":{"line":69,"column":26}},"34":{"start":{"line":71,"column":23},"end":{"line":71,"column":117}},"35":{"start":{"line":71,"column":55},"end":{"line":71,"column":112}},"36":{"start":{"line":72,"column":8},"end":{"line":72,"column":22}},"37":{"start":{"line":75,"column":8},"end":{"line":78,"column":9}},"38":{"start":{"line":76,"column":27},"end":{"line":76,"column":121}},"39":{"start":{"line":76,"column":59},"end":{"line":76,"column":116}},"40":{"start":{"line":77,"column":12},"end":{"line":77,"column":26}},"41":{"start":{"line":79,"column":23},"end":{"line":79,"column":117}},"42":{"start":{"line":79,"column":55},"end":{"line":79,"column":112}},"43":{"start":{"line":80,"column":8},"end":{"line":80,"column":22}},"44":{"start":{"line":83,"column":23},"end":{"line
[...]
cl":{"start":{"line":83,"column":38},"end":{"line":83,"column":39}},"loc":{"start":{"line":83,"column":55},"end":{"line":83,"column":114}},"line":83},"16":{"name":"(anonymous_16)","decl":{"start":{"line":86,"column":4},"end":{"line":86,"column":5}},"loc":{"start":{"line":86,"column":44},"end":{"line":93,"column":5}},"line":86},"17":{"name":"(anonymous_17)","decl":{"start":{"line":88,"column":42},"end":{"line":88,"column":43}},"loc":{"start":{"line":88,"column":58},"end":{"line":88,"column":83}},"line":88},"18":{"name":"(anonymous_18)","decl":{"start":{"line":91,"column":38},"end":{"line":91,"column":39}},"loc":{"start":{"line":91,"column":54},"end":{"line":91,"column":79}},"line":91},"19":{"name":"(anonymous_19)","decl":{"start":{"line":94,"column":4},"end":{"line":94,"column":5}},"loc":{"start":{"line":94,"column":42},"end":{"line":101,"column":5}},"line":94},"20":{"name":"(anonymous_20)","decl":{"start":{"line":96,"column":42},"end":{"line":96,"column":43}},"loc":{"start":{"line":96,"column":58},"end":{"line":96,"column":83}},"line":96},"21":{"name":"(anonymous_21)","decl":{"start":{"line":99,"column":38},"end":{"line":99,"column":39}},"loc":{"start":{"line":99,"column":54},"end":{"line":99,"column":79}},"line":99},"22":{"name":"(anonymous_22)","decl":{"start":{"line":102,"column":4},"end":{"line":102,"column":5}},"loc":{"start":{"line":102,"column":49},"end":{"line":105,"column":5}},"line":102},"23":{"name":"(anonymous_23)","decl":{"start":{"line":106,"column":4},"end":{"line":106,"column":5}},"loc":{"start":{"line":106,"column":47},"end":{"line":109,"column":5}},"line":106},"24":{"name":"(anonymous_24)","decl":{"start":{"line":110,"column":4},"end":{"line":110,"column":5}},"loc":{"start":{"line":110,"column":35},"end":{"line":126,"column":5}},"line":110},"25":{"name":"(anonymous_25)","decl":{"start":{"line":113,"column":38},"end":{"line":113,"column":39}},"loc":{"start":{"line":113,"column":48},"end":{"line":124,"column":9}},"line":113}},"branchMap":{"0":{"loc":{"start":{"line":9,"column":28},"end":{"line":10,"column":77}},"type":"cond-expr","locations":[{"start":{"line":9,"column":50},"end":{"line":9,"column":109}},{"start":{"line":10,"column":18},"end":{"line":10,"column":77}}],"line":9},"1":{"loc":{"start":{"line":47,"column":8},"end":{"line":56,"column":9}},"type":"if","locations":[{"start":{"line":47,"column":8},"end":{"line":56,"column":9}},{"start":{"line":47,"column":8},"end":{"line":56,"column":9}}],"line":47},"2":{"loc":{"start":{"line":49,"column":16},"end":{"line":50,"column":35}},"type":"if","locations":[{"start":{"line":49,"column":16},"end":{"line":50,"column":35}},{"start":{"line":49,"column":16},"end":{"line":50,"column":35}}],"line":49},"3":{"loc":{"start":{"line":51,"column":16},"end":{"line":52,"column":31}},"type":"if","locations":[{"start":{"line":51,"column":16},"end":{"line":52,"column":31}},{"start":{"line":51,"column":16},"end":{"line":52,"column":31}}],"line":51},"4":{"loc":{"start":{"line":58,"column":12},"end":{"line":59,"column":31}},"type":"if","locations":[{"start":{"line":58,"column":12},"end":{"line":59,"column":31}},{"start":{"line":58,"column":12},"end":{"line":59,"column":31}}],"line":58},"5":{"loc":{"start":{"line":60,"column":12},"end":{"line":61,"column":27}},"type":"if","locations":[{"start":{"line":60,"column":12},"end":{"line":61,"column":27}},{"start":{"line":60,"column":12},"end":{"line":61,"column":27}}],"line":60},"6":{"loc":{"start":{"line":67,"column":8},"end":{"line":70,"column":9}},"type":"if","locations":[{"start":{"line":67,"column":8},"end":{"line":70,"column":9}},{"start":{"line":67,"column":8},"end":{"line":70,"column":9}}],"line":67},"7":{"loc":{"start":{"line":68,"column":59},"end":{"line":68,"column":116}},"type":"cond-expr","locations":[{"start":{"line":68,"column":103},"end":{"line":68,"column":110}},{"start":{"line":68,"column":113},"end":{"line":68,"column":116}}],"line":68},"8":{"loc":{"start":{"line":71,"column":55},"end":{"line":71,"column":112}},"type":"cond-expr","locations":[{"start":{"line":71,"column":99},"end":{"line":71,"column":106}},{"start":{"line":71,"column":109},"end":{"line":71,"column":112}}],"line":71},"9":{"loc":{"start":{"line":75,"column":8},"end":{"line":78,"column":9}},"type":"if","locations":[{"start":{"line":75,"column":8},"end":{"line":78,"column":9}},{"start":{"line":75,"column":8},"end":{"line":78,"column":9}}],"line":75},"10":{"loc":{"start":{"line":76,"column":59},"end":{"line":76,"column":116}},"type":"cond-expr","locations":[{"start":{"line":76,"column":103},"end":{"line":76,"column":110}},{"start":{"line":76,"column":113},"end":{"line":76,"column":116}}],"line":76},"11":{"loc":{"start":{"line":79,"column":55},"end":{"line":79,"column":112}},"type":"cond-expr","locations":[{"start":{"line":79,"column":99},"end":{"line":79,"column":106}},{"start":{"line":79,"column":109},"end":{"line":79,"column":112}}],"line":79},"12":{"loc":{"start":{"line":83,"column":55},"end":{"line":83,"column":114}},"type":"cond-expr","locations":[{"start":{"line":83,"column":101},"end":{"line":83,"column":108}},{"start":{"line":83,"column":111},"end":{"line":83,"column":114}}],"line":83},"13":{"loc":{"start":{"line":87,"column":8},"end":{"line":90,"column":9}},"type":"if","locations":[{"start":{"line":87,"column":8},"end":{"line":90,"column":9}},{"start":{"line":87,"column":8},"end":{"line":90,"column":9}}],"line":87},"14":{"loc":{"start":{"line":95,"column":8},"end":{"line":98,"column":9}},"type":"if","locations":[{"start":{"line":95,"column":8},"end":{"line":98,"column":9}},{"start":{"line":95,"column":8},"end":{"line":98,"column":9}}],"line":95},"15":{"loc":{"start":{"line":111,"column":23},"end":{"line":112,"column":19}},"type":"cond-expr","locations":[{"start":{"line":111,"column":51},"end":{"line":111,"column":87}},{"start":{"line":112,"column":14},"end":{"line":112,"column":19}}],"line":111},"16":{"loc":{"start":{"line":114,"column":12},"end":{"line":116,"column":13}},"type":"if","locations":[{"start":{"line":114,"column":12},"end":{"line":116,"column":13}},{"start":{"line":114,"column":12},"end":{"line":116,"column":13}}],"line":114},"17":{"loc":{"start":{"line":117,"column":12},"end":{"line":119,"column":13}},"type":"if","locations":[{"start":{"line":117,"column":12},"end":{"line":119,"column":13}},{"start":{"line":117,"column":12},"end":{"line":119,"column":13}}],"line":117},"18":{"loc":{"start":{"line":120,"column":12},"end":{"line":122,"column":13}},"type":"if","locations":[{"start":{"line":120,"column":12},"end":{"line":122,"column":13}},{"start":{"line":120,"column":12},"end":{"line":122,"column":13}}],"line":120}},"s":{"0":1,"1":1,"2":1,"3":2,"4":2,"5":4,"6":4,"7":2,"8":0,"9":0,"10":0,"11":0,"12":0,"13":0,"14":0,"15":8,"16":4,"17":204,"18":80,"19":124,"20":64,"21":60,"22":4,"23":4,"24":204,"25":64,"26":140,"27":80,"28":60,"29":4,"30":4,"31":2,"32":102,"33":2,"34":2,"35":102,"36":2,"37":4,"38":2,"39":102,"40":2,"41":2,"42":102,"43":2,"44":4,"45":204,"46":4,"47":8,"48":4,"49":204,"50":4,"51":4,"52":204,"53":4,"54":8,"55":4,"56":204,"57":4,"58":4,"59":204,"60":4,"61":4,"62":4,"63":4,"64":4,"65":2,"66":2,"67":2,"68":0,"69":2,"70":0,"71":2,"72":0,"73":2,"74":2,"75":1},"f":{"0":2,"1":4,"2":0,"3":0,"4":0,"5":8,"6":204,"7":204,"8":4,"9":102,"10":102,"11":4,"12":102,"13":102,"14":4,"15":204,"16":8,"17":204,"18":204,"19":8,"20":204,"21":204,"22":4,"23":4,"24":2,"25":2},"b":{"0":[2,2],"1":[4,4],"2":[80,124],"3":[64,60],"4":[64,140],"5":[80,60],"6":[2,2],"7":[40,62],"8":[32,70],"9":[2,2],"10":[32,70],"11":[40,62],"12":[60,144],"13":[4,4],"14":[4,4],"15":[2,0],"16":[0,2],"17":[0,2],"18":[0,2]},"inputSourceMap":{"version":3,"file":"/home/wesley/projetos/Back-end/sd-026-b-trybe-futebol-clube/app/backend/src/service/LeaderBoardService.ts","sources":["/home/wesley/projetos/Back-end/sd-026-b-trybe-futebol-clube/app/backend/src/service/LeaderBoardService.ts"],"names":[],"mappings":";;AAEA,qDAA8C;AAC9C,iDAA0C;AAE1C,MAAqB,kBAAkB;IAC9B,MAAM,CAAC,KAAK,CAAC,kBAAkB,CAAC,QAAgB;QACrD,MAAM,KAAK,GAAG,MAAM,sBAAY,CAAC,MAAM,EAAE,CAAC;QAC1C,MAAM,MAAM,GAAG,OAAO,CAAC,GAAG,CAAC,KAAK,CAAC,GAAG,CAAC,KAAK,EAAE,IAAI,EAAE,EAAE;YAClD,MAAM,OAAO,GAAG,QAAQ,KAAK,MAAM,CAAC,CAAC,CAAC,MAAM,wBAAc,CAAC,mBAAmB,CAAC,IAAI,CAAC,EAAE,CAAC;gBACrF,CAAC,CAAC,MAAM,wBAAc,CAAC,mBAAmB,CAAC,IAAI,CAAC,EAAE,CAAC,CAAC;YACtD,OAAO;gBACL,IAAI,EAAE,IAAI,CAAC,QAAQ;gBACnB,WAAW,EAAE,IAAI,CAAC,YAAY,CAAC,OAAO,EAAE,QAAQ,CAAC;gBACjD,UAAU,EAAE,OAAO,CAAC,MAAM;gBAC1B,cAAc,EAAE,IAAI,CAAC,WAAW,CAAC,OAAO,EAAE,QAAQ,CAAC;gBACnD,UAAU,EAAE,IAAI,CAAC,SAAS,CAAC,OAAO,CAAC;gBACnC,WAAW,EAAE,IAAI,CAAC,SAAS,CAAC,OAAO,EAAE,QAAQ,CAAC;gBAC9C,UAAU,EAAE,IAAI,CAAC,aAAa,CAAC,OAAO,EAAE,QAAQ,CAAC;gBACjD,QAAQ,EAAE,IAAI,CAAC,WAAW,CAAC,OAAO,EAAE,QAAQ,CAAC;gBAC7C,YAAY,EAAE,IAAI,CAAC,kBAAkB,CAAC,OAAO,EAAE,QAAQ,CAAC;gBACxD,UAAU,EAAE,IAAI,CAAC,gBAAgB,CAAC,OAAO,EAAE,QAAQ,CAAC;aACrD,CAAC;QACJ,CAAC,CAAC,CAAC,CAAC;QAEJ,OAAO,MAAM,CAAC;IAChB,CAAC;IAEM,MAAM,CAAC,KAAK,CAAC,cAAc,CAAC,MAAqB;QACtD,MAAM,KAAK,GAAG,MAAM,sBAAY,CAAC,MAAM,EAAE,CAAC;QAC1C,MAAM,WAAW,GAAG,KAAK,CAAC,GAAG,CAAC,CAAC,IAAI,EAAE,EAAE;YACrC,MAAM,WAAW,GAAG,MAAM,CAAC,MAAM,CAAC,CAAC,KAAK,EAAE,EAAE,CAAC,KAAK,CAAC,IAAI,KAAK,IAAI,CAAC,QAAQ,CAAC,CAAC;YAC3E,OAAO,EAAE,IAAI,EAAE,IAAI,CAAC,QAAQ;gBAC1B,WAAW,EAAE,WAAW,CAAC,CAAC,CAAC,CAAC,WAAW,GAAG,WAAW,CAAC,CAAC,CAAC,CAAC,WAAW;gBACpE,UAAU,EAAE,WAAW,CAAC,CAAC,CAAC,CAAC,UAAU,GAAG,WAAW,CAAC,CAAC,CAAC,CAAC,UAAU;gBACjE,cAAc,EAAE,WAAW,CAAC,CAAC,CAAC,CAAC,cAAc,GAAG,WAAW,CAAC,CAAC,CAAC,CAAC,cAAc;gBAC7E,UAAU,EAAE,WAAW,CAAC,CAAC,CAAC,CAAC,UAAU,GAAG,WAAW,CAAC,CAAC,CAAC,CAAC,UAAU;gBACjE,WAAW,EAAE,WAAW,CAAC,CAAC,CAAC,CAAC,WAAW,GAAG,WAAW,CAAC,CAAC,CAAC,CAAC,WAAW;gBACpE,UAAU,EAAE,WAAW,CAAC,CAAC,CAAC,CAAC,UAAU,GAAG,WAAW,CAAC,CAAC,CAAC,CAAC,UAAU;gBACjE,QAAQ,EAAE,WAAW,CAAC,CAAC,CAAC,CAAC,QAAQ,GAAG,WAAW,CAAC,CAAC,CAAC,CAAC,QAAQ;gBAC3D,YAAY,EAAE,WAAW,CAAC,CAAC,CAAC,CAAC,YAAY,GAAG,WAAW,CAAC,CAAC,CAAC,CAAC,YAAY;gBACvE,UAAU,EAAE,MAAM,CAAC,CAAC,CAAC,CAAC,WAAW,CAAC,CAAC,CAAC,CAAC,WAAW,GAAG,WAAW,CAAC,CAAC,CAAC,CAAC,WAAW,CAAC;sBAC5E,CAAC,CAAC,WAAW,CAAC,CAAC,CAAC,CAAC,UAAU,GAAG,WAAW,CAAC,CAAC,CAAC,CAAC,UAAU,CAAC,GAAG,CAAC,CAAC,CAAC,GAAG,GAAG,CAAC,CAAC,OAAO,CAAC,CAAC,CAAC,CAAC;aACpF,CAAC;QACJ,CAAC,CAAC,CAAC;QACH,MAAM,MAAM,GAAG,MAAM,IAAI,CAAC,UAAU,CAAC,WAAW,CAAC,CAAC;QAClD,OAAO,MAAM,CAAC;IAChB,CAAC;IAEM,MAAM,CAAC,YAAY,CAAC,OAA2B,EAAE,QAAgB;QACtE,IAAI,QAAQ,KAAK,MAAM,EAAE;YACvB,MAAM,MAAM,GAAG,OAAO,CAAC,MAAM,CAAC,CAAC,GAAG,EAAE,KAAK,EAAE,EAAE;gBAC3C,IAAI,KAAK,CAAC,aAAa,GAAG,KAAK,CAAC,aAAa;oBAAE,OAAO,GAAG,GAAG,CAAC,CAAC;gBAC9D,IAAI,KAAK,CAAC,aAAa,GAAG,KAAK,CAAC,aAAa;oBAAE,OAAO,GAAG,CAAC;gBAE1D,OAAO,GAAG,GAAG,CAAC,CAAC;YACjB,CAAC,EAAE,CAAC,CAAC,CAAC;YACN,OAAO,MAAM,CAAC;SACf;QACD,MAAM,MAAM,GAAG,OAAO,CAAC,MAAM,CAAC,CAAC,GAAG,EAAE,KAAK,EAAE,EAAE;YAC3C,IAAI,KAAK,CAAC,aAAa,GAAG,KAAK,CAAC,aAAa;gBAAE,OAAO,GAAG,GAAG,CAAC,CAAC;YAE9D,IAAI,KAAK,CAAC,aAAa,GAAG,KAAK,CAAC,aAAa;gBAAE,OAAO,GAAG,CAAC;YAE1D,OAAO,GAAG,GAAG,CAAC,CAAC;QACjB,CAAC,EAAE,CAAC,CAAC,CAAC;QACN,OAAO,MAAM,CAAC;IAChB,CAAC;IAEM,MAAM,CAAC,WAAW,CAAC,OAA2B,EAAE,QAAgB;QACrE,IAAI,QAAQ,KAAK,MAAM,EAAE;YACvB,MAAM,MAAM,GAAG,OAAO,CAAC,MAAM,CAAC,CAAC,GAAG,EAAE,KAAK,EAAE,EAAE,CAC3C,CAAC,KAAK,CAAC,aAAa,GAAG,KAAK,CAAC,aAAa,CAAC,CAAC,CAAC,GAAG,GAAG,CAAC,CAAC,CAAC,CAAC,GAAG,CAAC,EAAE,CAAC,CAAC,CAAC;YAClE,OAAO,MAAM,CAAC;SACf;QAED,MAAM,MAAM,GAAG,OAAO,CAAC,MAAM,CAAC,CAAC,GAAG,EAAE,KAAK,EAAE,EAAE,CAC3C,CAAC,KAAK,CAAC,aAAa,GAAG,KAAK,CAAC,aAAa,CAAC,CAAC,CAAC,GAAG,GAAG,CAAC,CAAC,CAAC,CAAC,GAAG,CAAC,EAAE,CAAC,CAAC,CAAC;QAClE,OAAO,MAAM,CAAC;IAChB,CAAC;IAEM,MAAM,CAAC,SAAS,CAAC,OAA2B,EAAE,QAAgB;QACnE,IAAI,QAAQ,KAAK,MAAM,EAAE;YACvB,MAAM,MAAM,GAAG,OAAO,CAAC,MAAM,CAAC,CAAC,GAAG,EAAE,KAAK,EAAE,EAAE,CAC3C,CAAC,KAAK,CAAC,aAAa,GAAG,KAAK,CAAC,aAAa,CAAC,CAAC,CAAC,GAAG,GAAG,CAAC,CAAC,CAAC,CAAC,GAAG,CAAC,EAAE,CAAC,CAAC,CAAC;YAClE,OAAO,MAAM,CAAC;SACf;QACD,MAAM,MAAM,GAAG,OAAO,CAAC,MAAM,CAAC,CAAC,GAAG,EAAE,KAAK,EAAE,EAAE,CAC3C,CAAC,KAAK,CAAC,aAAa,GAAG,KAAK,CAAC,aAAa,CAAC,CAAC,CAAC,GAAG,GAAG,CAAC,CAAC,CAAC,CAAC,GAAG,CAAC,EAAE,CAAC,CAAC,CAAC;QAClE,OAAO,MAAM,CAAC;IAChB,CAAC;IAEM,MAAM,CAAC,SAAS,CAAC,OAA2B;QACjD,MAAM,MAAM,GAAG,OAAO,CAAC,MAAM,CAAC,CAAC,GAAG,EAAE,KAAK,EAAE,EAAE,CAC3C,CAAC,KAAK,CAAC,aAAa,KAAK,KAAK,CAAC,aAAa,CAAC,CAAC,CAAC,GAAG,GAAG,CAAC,CAAC,CAAC,CAAC,GAAG,CAAC,EAAE,CAAC,CAAC,CAAC;QACpE,OAAO,MAAM,CAAC;IAChB,CAAC;IAEM,MAAM,CAAC,aAAa,CAAC,OAA2B,EAAE,QAAgB;QACvE,IAAI,QAAQ,KAAK,MAAM,EAAE;YACvB,MAAM,MAAM,GAAG,OAAO,CAAC,MAAM,CAAC,CAAC,GAAG,EAAE,KAAK,EAAE,EAAE,CAAC,GAAG,GAAG,KAAK,CAAC,aAAa,EAAE,CAAC,CAAC,CAAC;YAC5E,OAAO,MAAM,CAAC;SACf;QACD,MAAM,MAAM,GAAG,OAAO,CAAC,MAAM,CAAC,CAAC,GAAG,EAAE,KAAK,EAAE,EAAE,CAAC,GAAG,GAAG,KAAK,CAAC,aAAa,EAAE,CAAC,CAAC,CAAC;QAC5E,OAAO,MAAM,CAAC;IAChB,CAAC;IAEM,MAAM,CAAC,WAAW,CAAC,OAA2B,EAAE,QAAgB;QACrE,IAAI,QAAQ,KAAK,MAAM,EAAE;YACvB,MAAM,MAAM,GAAG,OAAO,CAAC,MAAM,CAAC,CAAC,GAAG,EAAE,KAAK,EAAE,EAAE,CAAC,GAAG,GAAG,KAAK,CAAC,aAAa,EAAE,CAAC,CAAC,CAAC;YAC5E,OAAO,MAAM,CAAC;SACf;QACD,MAAM,MAAM,GAAG,OAAO,CAAC,MAAM,CAAC,CAAC,GAAG,EAAE,KAAK,EAAE,EAAE,CAAC,GAAG,GAAG,KAAK,CAAC,aAAa,EAAE,CAAC,CAAC,CAAC;QAC5E,OAAO,MAAM,CAAC;IAChB,CAAC;IAEM,MAAM,CAAC,kBAAkB,CAAC,OAA2B,EAAE,QAAgB;QAC5E,MAAM,MAAM,GAAG,IAAI,CAAC,aAAa,CAAC,OAAO,EAAE,QAAQ,CAAC,GAAG,IAAI,CAAC,WAAW,CAAC,OAAO,EAAE,QAAQ,CAAC,CAAC;QAC3F,OAAO,MAAM,CAAC;IAChB,CAAC;IAEM,MAAM,CAAC,gBAAgB,CAAC,OAA2B,EAAE,QAAgB;QAC1E,MAAM,MAAM,GAAG,CAAC,IAAI,CAAC,YAAY,CAAC,OAAO,EAAE,QAAQ,CAAC,GAAG,CAAC,CAAC,OAAO,CAAC,MAAM,CAAC,GAAG,CAAC,CAAC,CAAC,GAAG,GAAG,CAAC;QACrF,OAAO,MAAM,CAAC,MAAM,CAAC,OAAO,CAAC,CAAC,CAAC,CAAC,CAAC;IACnC,CAAC;IAEM,MAAM,CAAC,KAAK,CAAC,UAAU,CAAC,KAA6B;QAC1D,MAAM,MAAM,GAAG,OAAO,KAAK,KAAK,QAAQ,CAAC,CAAC,CAAC,MAAM,IAAI,CAAC,kBAAkB,CAAC,KAAK,CAAC;YAC7E,CAAC,CAAC,KAAK,CAAC;QACV,MAAM,SAAS,GAAG,MAAM,CAAC,IAAI,CAAC,CAAC,CAAC,EAAE,CAAC,EAAE,EAAE;YACrC,IAAI,CAAC,CAAC,WAAW,KAAK,CAAC,CAAC,WAAW,EAAE;gBACnC,OAAO,CAAC,CAAC,WAAW,GAAG,CAAC,CAAC,WAAW,CAAC;aACtC;YAAC,IAAI,CAAC,CAAC,cAAc,KAAK,CAAC,CAAC,cAAc,EAAE;gBAC3C,OAAO,CAAC,CAAC,cAAc,GAAG,CAAC,CAAC,cAAc,CAAC;aAC5C;YAAC,IAAI,CAAC,CAAC,YAAY,KAAK,CAAC,CAAC,YAAY,EAAE;gBACvC,OAAO,CAAC,CAAC,YAAY,GAAG,CAAC,CAAC,YAAY,CAAC;aACxC;YACD,OAAO,CAAC,CAAC,UAAU,GAAG,CAAC,CAAC,UAAU,CAAC;QACrC,CAAC,CAAC,CAAC;QAEH,OAAO,SAAS,CAAC;IACnB,CAAC;CACF;AAzID,qCAyIC","sourcesContent":["import leaderBoard from '../interface/leaderBoard';\nimport { matchesAtributes } from '../database/models/MatchesModel';\nimport MatchesService from './MatchesService';\nimport TeamsService from './TeamsService';\n\nexport default class LeaderBoardService {\n  public static async findAllLeaderBoard(endPoint: string): Promise<leaderBoard[]> {\n    const teams = await TeamsService.getAll();\n    const result = Promise.all(teams.map(async (team) => {\n      const matches = endPoint === 'home' ? await MatchesService.findMatchesHomeById(team.id)\n        : await MatchesService.findMatchesAwayById(team.id);\n      return {\n        name: team.teamName,\n        totalPoints: this.pointsResult(matches, endPoint),\n        totalGames: matches.length,\n        totalVictories: this.sumVictorys(matches, endPoint),\n        totalDraws: this.sumDrawns(matches),\n        totalLosses: this.sumLosses(matches, endPoint),\n        goalsFavor: this.sumGoalsFavor(matches, endPoint),\n        goalsOwn: this.sumGoalsOwn(matches, endPoint),\n        goalsBalance: this.resultGoalsBalance(matches, endPoint),\n        efficiency: this.resultEfficiency(matches, endPoint),\n      };\n    }));\n\n    return result;\n  }\n\n  public static async findAllGeneral(Leader: leaderBoard[]) {\n    const teams = await TeamsService.getAll();\n    const resultRedux = teams.map((team) => {\n      const leaderRedux = Leader.filter((match) => match.name === team.teamName);\n      return { name: team.teamName,\n        totalPoints: leaderRedux[0].totalPoints + leaderRedux[1].totalPoints,\n        totalGames: leaderRedux[0].totalGames + leaderRedux[1].totalGames,\n        totalVictories: leaderRedux[0].totalVictories + leaderRedux[1].totalVictories,\n        totalDraws: leaderRedux[0].totalDraws + leaderRedux[1].totalDraws,\n        totalLosses: leaderRedux[0].totalLosses + leaderRedux[1].totalLosses,\n        goalsFavor: leaderRedux[0].goalsFavor + leaderRedux[1].goalsFavor,\n        goalsOwn: leaderRedux[0].goalsOwn + leaderRedux[1].goalsOwn,\n        goalsBalance: leaderRedux[0].goalsBalance + leaderRedux[1].goalsBalance,\n        efficiency: Number((((leaderRedux[0].totalPoints + leaderRedux[1].totalPoints)\n        / ((leaderRedux[0].totalGames + leaderRedux[1].totalGames) * 3)) * 100).toFixed(2)),\n      };\n    });\n    const result = await this.resultSort(resultRedux);\n    return result;\n  }\n\n  public static pointsResult(matches: matchesAtributes[], endPoint: string) {\n    if (endPoint === 'home') {\n      const result = matches.reduce((acc, match) => {\n        if (match.homeTeamGoals > match.awayTeamGoals) return acc + 3;\n        if (match.homeTeamGoals < match.awayTeamGoals) return acc;\n\n        return acc + 1;\n      }, 0);\n      return result;\n    }\n    const result = matches.reduce((acc, match) => {\n      if (match.awayTeamGoals > match.homeTeamGoals) return acc + 3;\n\n      if (match.awayTeamGoals < match.homeTeamGoals) return acc;\n\n      return acc + 1;\n    }, 0);\n    return result;\n  }\n\n  public static sumVictorys(matches: matchesAtributes[], endPoint: string) {\n    if (endPoint === 'home') {\n      const result = matches.reduce((acc, match) =>\n        (match.homeTeamGoals > match.awayTeamGoals ? acc + 1 : acc), 0);\n      return result;\n    }\n\n    const result = matches.reduce((acc, match) =>\n      (match.awayTeamGoals > match.homeTeamGoals ? acc + 1 : acc), 0);\n    return result;\n  }\n\n  public static sumLosses(matches: matchesAtributes[], endPoint: string) {\n    if (endPoint === 'home') {\n      const result = matches.reduce((acc, match) =>\n        (match.homeTeamGoals < match.awayTeamGoals ? acc + 1 : acc), 0);\n      return result;\n    }\n    const result = matches.reduce((acc, match) =>\n      (match.awayTeamGoals < match.homeTeamGoals ? acc + 1 : acc), 0);\n    return result;\n  }\n\n  public static sumDrawns(matches: matchesAtributes[]) {\n    const result = matches.reduce((acc, match) =>\n      (match.homeTeamGoals === match.awayTeamGoals ? acc + 1 : acc), 0);\n    return result;\n  }\n\n  public static sumGoalsFavor(matches: matchesAtributes[], endPoint: string) {\n    if (endPoint === 'home') {\n      const result = matches.reduce((acc, match) => acc + match.homeTeamGoals, 0);\n      return result;\n    }\n    const result = matches.reduce((acc, match) => acc + match.awayTeamGoals, 0);\n    return result;\n  }\n\n  public static sumGoalsOwn(matches: matchesAtributes[], endPoint: string) {\n    if (endPoint === 'home') {\n      const result = matches.reduce((acc, match) => acc + match.awayTeamGoals, 0);\n      return result;\n    }\n    const result = matches.reduce((acc, match) => acc + match.homeTeamGoals, 0);\n    return result;\n  }\n\n  public static resultGoalsBalance(matches: matchesAtributes[], endPoint: string) {\n    const result = this.sumGoalsFavor(matches, endPoint) - this.sumGoalsOwn(matches, endPoint);\n    return result;\n  }\n\n  public static resultEfficiency(matches: matchesAtributes[], endPoint: string) {\n    const result = (this.pointsResult(matches, endPoint) / ((matches.length) * 3)) * 100;\n    return Number(result.toFixed(2));\n  }\n\n  public static async resultSort(param: string | leaderBoard[]): Promise<leaderBoard[]> {\n    const origin = typeof param === 'string' ? await this.findAllLeaderBoard(param)\n      : param;\n    const sortArray = origin.sort((a, b) => {\n      if (a.totalPoints !== b.totalPoints) {\n        return b.totalPoints - a.totalPoints;\n      } if (a.totalVictories !== b.totalVictories) {\n        return b.totalVictories - a.totalVictories;\n      } if (a.goalsBalance !== b.goalsBalance) {\n        return b.goalsBalance - a.goalsBalance;\n      }\n      return b.goalsFavor - a.goalsFavor;\n    });\n\n    return sortArray;\n  }\n}\n"]},"_coverageSchema":"1a1c01bbd47fc00a2c39e90264f33305004495a9","hash":"5f20038d07b3a994539e023f08ac3d2d8f3f3b91"}}