{"total": {"lines":{"total":286,"covered":264,"skipped":0,"pct":92.3},"statements":{"total":305,"covered":280,"skipped":0,"pct":91.8},"functions":{"total":80,"covered":71,"skipped":0,"pct":88.75},"branches":{"total":77,"covered":70,"skipped":0,"pct":90.9},"branchesTrue":{"total":0,"covered":0,"skipped":0,"pct":100}}
,"/home/wesley/projetos/Back-end/sd-026-b-trybe-futebol-clube/app/backend/src/app.ts": {"lines":{"total":20,"covered":19,"skipped":0,"pct":95},"functions":{"total":6,"covered":3,"skipped":0,"pct":50},"statements":{"total":22,"covered":19,"skipped":0,"pct":86.36},"branches":{"total":1,"covered":1,"skipped":0,"pct":100}}
,"/home/wesley/projetos/Back-end/sd-026-b-trybe-futebol-clube/app/backend/src/server.ts": {"lines":{"total":2,"covered":0,"skipped":0,"pct":0},"functions":{"total":0,"covered":0,"skipped":0,"pct":100},"statements":{"total":2,"covered":0,"skipped":0,"pct":0},"branches":{"total":2,"covered":0,"skipped":0,"pct":0}}
,"/home/wesley/projetos/Back-end/sd-026-b-trybe-futebol-clube/app/backend/src/controller/LeaderBoardController.ts": {"lines":{"total":10,"covered":6,"skipped":0,"pct":60},"functions":{"total":3,"covered":2,"skipped":0,"pct":66.66},"statements":{"total":10,"covered":6,"skipped":0,"pct":60},"branches":{"total":0,"covered":0,"skipped":0,"pct":100}}
,"/home/wesley/projetos/Back-end/sd-026-b-trybe-futebol-clube/app/backend/src/controller/LoginController.ts": {"lines":{"total":8,"covered":8,"skipped":0,"pct":100},"functions":{"total":2,"covered":2,"skipped":0,"pct":100},"statements":{"total":8,"covered":8,"skipped":0,"pct":100},"branches":{"total":0,"covered":0,"skipped":0,"pct":100}}
,"/home/wesley/projetos/Back-end/sd-026-b-trybe-futebol-clube/app/backend/src/controller/MatchesController.ts": {"lines":{"total":17,"covered":17,"skipped":0,"pct":100},"functions":{"total":4,"covered":4,"skipped":0,"pct":100},"statements":{"total":17,"covered":17,"skipped":0,"pct":100},"branches":{"total":2,"covered":2,"skipped":0,"pct":100}}
,"/home/wesley/projetos/Back-end/sd-026-b-trybe-futebol-clube/app/backend/src/controller/TeamsController.ts": {"lines":{"total":9,"covered":9,"skipped":0,"pct":100},"functions":{"total":2,"covered":2,"skipped":0,"pct":100},"statements":{"total":10,"covered":10,"skipped":0,"pct":100},"branches":{"total":2,"covered":2,"skipped":0,"pct":100}}
,"/home/wesley/projetos/Back-end/sd-026-b-trybe-futebol-clube/app/backend/src/errors/ValidateError400.ts": {"lines":{"total":2,"covered":2,"skipped":0,"pct":100},"functions":{"total":1,"covered":1,"skipped":0,"pct":100},"statements":{"total":2,"covered":2,"skipped":0,"pct":100},"branches":{"total":0,"covered":0,"skipped":0,"pct":100}}
,"/home/wesley/projetos/Back-end/sd-026-b-trybe-futebol-clube/app/backend/src/errors/ValidateError401.ts": {"lines":{"total":2,"covered":2,"skipped":0,"pct":100},"functions":{"total":1,"covered":1,"skipped":0,"pct":100},"statements":{"total":2,"covered":2,"skipped":0,"pct":100},"branches":{"total":0,"covered":0,"skipped":0,"pct":100}}
,"/home/wesley/projetos/Back-end/sd-026-b-trybe-futebol-clube/app/backend/src/errors/ValidateError404.ts": {"lines":{"total":2,"covered":2,"skipped":0,"pct":100},"functions":{"total":1,"covered":1,"skipped":0,"pct":100},"statements":{"total":2,"covered":2,"skipped":0,"pct":100},"branches":{"total":0,"covered":0,"skipped":0,"pct":100}}
,"/home/wesley/projetos/Back-end/sd-026-b-trybe-futebol-clube/app/backend/src/errors/ValidateError422.ts": {"lines":{"total":2,"covered":2,"skipped":0,"pct":100},"functions":{"total":1,"covered":1,"skipped":0,"pct":100},"statements":{"total":2,"covered":2,"skipped":0,"pct":100},"branches":{"total":0,"covered":0,"skipped":0,"pct":100}}
,"/home/wesley/projetos/Back-end/sd-026-b-trybe-futebol-clube/app/backend/src/interface/leaderBoard.ts": {"lines":{"total":0,"covered":0,"skipped":0,"pct":100},"functions":{"total":0,"covered":0,"skipped":0,"pct":100},"statements":{"total":0,"covered":0,"skipped":0,"pct":100},"branches":{"total":0,"covered":0,"skipped":0,"pct":100}}
,"/home/wesley/projetos/Back-end/sd-026-b-trybe-futebol-clube/app/backend/src/interface/matchesInsert.ts": {"lines":{"total":0,"covered":0,"skipped":0,"pct":100},"functions":{"total":0,"covered":0,"skipped":0,"pct":100},"statements":{"total":0,"covered":0,"skipped":0,"pct":100},"branches":{"total":0,"covered":0,"skipped":0,"pct":100}}
,"/home/wesley/projetos/Back-end/sd-026-b-trybe-futebol-clube/app/backend/src/middlewares/AuthValidate.ts": {"lines":{"total":11,"covered":11,"skipped":0,"pct":100},"functions":{"total":1,"covered":1,"skipped":0,"pct":100},"statements":{"total":11,"covered":11,"skipped":0,"pct":100},"branches":{"total":2,"covered":2,"skipped":0,"pct":100}}
,"/home/wesley/projetos/Back-end/sd-026-b-trybe-futebol-clube/app/backend/src/middlewares/ErrorMiddleware.ts": {"lines":{"total":15,"covered":13,"skipped":0,"pct":86.66},"functions":{"total":1,"covered":1,"skipped":0,"pct":100},"statements":{"total":15,"covered":13,"skipped":0,"pct":86.66},"branches":{"total":8,"covered":7,"skipped":0,"pct":87.5}}
,"/home/wesley/projetos/Back-end/sd-026-b-trybe-futebol-clube/app/backend/src/middlewares/ValidateLogin.ts": {"lines":{"total":10,"covered":10,"skipped":0,"pct":100},"functions":{"total":2,"covered":2,"skipped":0,"pct":100},"statements":{"total":11,"covered":11,"skipped":0,"pct":100},"branches":{"total":8,"covered":8,"skipped":0,"pct":100}}
,"/home/wesley/projetos/Back-end/sd-026-b-trybe-futebol-clube/app/backend/src/router/index.ts": {"lines":{"total":11,"covered":11,"skipped":0,"pct":100},"functions":{"total":0,"covered":0,"skipped":0,"pct":100},"statements":{"total":11,"covered":11,"skipped":0,"pct":100},"branches":{"total":0,"covered":0,"skipped":0,"pct":100}}
,"/home/wesley/projetos/Back-end/sd-026-b-trybe-futebol-clube/app/backend/src/router/leaderBoard.router.ts": {"lines":{"total":10,"covered":9,"skipped":0,"pct":90},"functions":{"total":3,"covered":2,"skipped":0,"pct":66.66},"statements":{"total":10,"covered":9,"skipped":0,"pct":90},"branches":{"total":0,"covered":0,"skipped":0,"pct":100}}
,"/home/wesley/projetos/Back-end/sd-026-b-trybe-futebol-clube/app/backend/src/router/login.router.ts": {"lines":{"total":12,"covered":12,"skipped":0,"pct":100},"functions":{"total":4,"covered":4,"skipped":0,"pct":100},"statements":{"total":12,"covered":12,"skipped":0,"pct":100},"branches":{"total":0,"covered":0,"skipped":0,"pct":100}}
,"/home/wesley/projetos/Back-end/sd-026-b-trybe-futebol-clube/app/backend/src/router/matches.router.ts": {"lines":{"total":15,"covered":15,"skipped":0,"pct":100},"functions":{"total":7,"covered":7,"skipped":0,"pct":100},"statements":{"total":16,"covered":16,"skipped":0,"pct":100},"branches":{"total":0,"covered":0,"skipped":0,"pct":100}}
,"/home/wesley/projetos/Back-end/sd-026-b-trybe-futebol-clube/app/backend/src/router/teams.router.ts": {"lines":{"total":6,"covered":6,"skipped":0,"pct":100},"functions":{"total":2,"covered":2,"skipped":0,"pct":100},"statements":{"total":8,"covered":8,"skipped":0,"pct":100},"branches":{"total":0,"covered":0,"skipped":0,"pct":100}}
,"/home/wesley/projetos/Back-end/sd-026-b-trybe-futebol-clube/app/backend/src/service/LeaderBoardService.ts": {"lines":{"total":66,"covered":57,"skipped":0,"pct":86.36},"functions":{"total":26,"covered":23,"skipped":0,"pct":88.46},"statements":{"total":75,"covered":65,"skipped":0,"pct":86.66},"branches":{"total":38,"covered":34,"skipped":0,"pct":89.47}}
,"/home/wesley/projetos/Back-end/sd-026-b-trybe-futebol-clube/app/backend/src/service/LoginService.ts": {"lines":{"total":14,"covered":14,"skipped":0,"pct":100},"functions":{"total":2,"covered":2,"skipped":0,"pct":100},"statements":{"total":16,"covered":16,"skipped":0,"pct":100},"branches":{"total":6,"covered":6,"skipped":0,"pct":100}}
,"/home/wesley/projetos/Back-end/sd-026-b-trybe-futebol-clube/app/backend/src/service/MatchesService.ts": {"lines":{"total":26,"covered":26,"skipped":0,"pct":100},"functions":{"total":7,"covered":7,"skipped":0,"pct":100},"statements":{"total":26,"covered":26,"skipped":0,"pct":100},"branches":{"total":6,"covered":6,"skipped":0,"pct":100}}
,"/home/wesley/projetos/Back-end/sd-026-b-trybe-futebol-clube/app/backend/src/service/TeamsService.ts": {"lines":{"total":7,"covered":7,"skipped":0,"pct":100},"functions":{"total":2,"covered":2,"skipped":0,"pct":100},"statements":{"total":8,"covered":8,"skipped":0,"pct":100},"branches":{"total":2,"covered":2,"skipped":0,"pct":100}}
,"/home/wesley/projetos/Back-end/sd-026-b-trybe-futebol-clube/app/backend/src/utils/authJwt.ts": {"lines":{"total":9,"covered":6,"skipped":0,"pct":66.66},"functions":{"total":2,"covered":1,"skipped":0,"pct":50},"statements":{"total":9,"covered":6,"skipped":0,"pct":66.66},"branches":{"total":0,"covered":0,"skipped":0,"pct":100}}
,"/home/wesley/projetos/Back-end/sd-026-b-trybe-futebol-clube/app/backend/src/utils/bcryptPass.ts": {"lines":{"total":0,"covered":0,"skipped":0,"pct":100},"functions":{"total":0,"covered":0,"skipped":0,"pct":100},"statements":{"total":0,"covered":0,"skipped":0,"pct":100},"branches":{"total":0,"covered":0,"skipped":0,"pct":100}}
}
